2020-05-18 13:22:22.236 [info] <0.44.0> Application lager started on node nonode@nohost
2020-05-18 13:22:22.313 [info] <0.44.0> Application xmerl started on node nonode@nohost
2020-05-18 13:22:22.471 [info] <0.44.0> Application sasl started on node nonode@nohost
2020-05-18 13:22:22.529 [info] <0.44.0> Application tools started on node nonode@nohost
2020-05-18 13:22:22.552 [info] <0.44.0> Application jsx started on node nonode@nohost
2020-05-18 13:22:22.638 [info] <0.44.0> Application ranch started on node nonode@nohost
2020-05-18 13:22:22.661 [info] <0.44.0> Application recon started on node nonode@nohost
2020-05-18 13:22:22.928 [info] <0.44.0> Application credentials_obfuscation started on node nonode@nohost
2020-05-18 13:22:22.930 [info] <0.44.0> Application rabbit_common started on node nonode@nohost
2020-05-18 13:22:22.939 [info] <0.44.0> Application amqp_client started on node nonode@nohost
2020-05-18 13:22:22.943 [info] <0.44.0> Application amqp started on node nonode@nohost
2020-05-18 13:22:22.952 [info] <0.44.0> Application poison started on node nonode@nohost
2020-05-18 13:22:23.011 [info] <0.44.0> Application unicode_util_compat started on node nonode@nohost
2020-05-18 13:22:23.011 [info] <0.44.0> Application idna started on node nonode@nohost
2020-05-18 13:22:23.025 [info] <0.44.0> Application mimerl started on node nonode@nohost
2020-05-18 13:22:23.033 [info] <0.44.0> Application certifi started on node nonode@nohost
2020-05-18 13:22:23.043 [info] <0.44.0> Application ssl_verify_fun started on node nonode@nohost
2020-05-18 13:22:23.055 [info] <0.44.0> Application metrics started on node nonode@nohost
2020-05-18 13:22:23.195 [info] <0.44.0> Application hackney started on node nonode@nohost
2020-05-18 13:22:23.379 [info] <0.44.0> Application tzdata started on node nonode@nohost
2020-05-18 13:22:23.397 [info] <0.44.0> Application gettext started on node nonode@nohost
2020-05-18 13:22:23.407 [info] <0.44.0> Application combine started on node nonode@nohost
2020-05-18 13:22:23.407 [info] <0.44.0> Application timex started on node nonode@nohost
2020-05-18 13:22:23.425 [info] <0.44.0> Application cowlib started on node nonode@nohost
2020-05-18 13:22:23.466 [info] <0.44.0> Application cowboy started on node nonode@nohost
2020-05-18 13:22:23.496 [info] <0.44.0> Application decimal started on node nonode@nohost
2020-05-18 13:22:23.536 [info] <0.44.0> Application connection started on node nonode@nohost
2020-05-18 13:22:23.566 [info] <0.44.0> Application db_connection started on node nonode@nohost
2020-05-18 13:22:23.567 [info] <0.44.0> Application mariaex started on node nonode@nohost
2020-05-18 13:22:23.600 [info] <0.44.0> Application poolboy started on node nonode@nohost
2020-05-18 13:22:23.610 [info] <0.44.0> Application ecto started on node nonode@nohost
2020-05-18 13:22:23.961 [info] <0.44.0> Application jose started on node nonode@nohost
2020-05-18 13:22:23.961 [info] <0.44.0> Application joken started on node nonode@nohost
2020-05-18 13:22:24.007 [info] <0.44.0> Application eex started on node nonode@nohost
2020-05-18 13:22:24.040 [info] <0.44.0> Application mime started on node nonode@nohost
2020-05-18 13:22:24.047 [info] <0.44.0> Application plug_crypto started on node nonode@nohost
2020-05-18 13:22:24.055 [info] <0.44.0> Application plug started on node nonode@nohost
2020-05-18 13:22:24.126 [info] <0.44.0> Application telemetry started on node nonode@nohost
2020-05-18 13:22:24.130 [info] <0.44.0> Application plug_cowboy started on node nonode@nohost
2020-05-18 13:22:24.133 [info] <0.44.0> Application jsonapi started on node nonode@nohost
2020-05-18 13:22:24.353 [info] <0.44.0> Application chats started on node nonode@nohost
2020-05-18 13:22:41.277 [info] <0.44.0> Application lager started on node nonode@nohost
2020-05-18 13:22:41.300 [info] <0.44.0> Application xmerl started on node nonode@nohost
2020-05-18 13:22:41.350 [info] <0.44.0> Application sasl started on node nonode@nohost
2020-05-18 13:22:41.375 [info] <0.44.0> Application tools started on node nonode@nohost
2020-05-18 13:22:41.390 [info] <0.44.0> Application jsx started on node nonode@nohost
2020-05-18 13:22:41.415 [info] <0.44.0> Application ranch started on node nonode@nohost
2020-05-18 13:22:41.431 [info] <0.44.0> Application recon started on node nonode@nohost
2020-05-18 13:22:41.629 [info] <0.44.0> Application credentials_obfuscation started on node nonode@nohost
2020-05-18 13:22:41.629 [info] <0.44.0> Application rabbit_common started on node nonode@nohost
2020-05-18 13:22:41.641 [info] <0.44.0> Application amqp_client started on node nonode@nohost
2020-05-18 13:22:41.644 [info] <0.44.0> Application amqp started on node nonode@nohost
2020-05-18 13:22:41.656 [info] <0.44.0> Application poison started on node nonode@nohost
2020-05-18 13:22:41.714 [info] <0.44.0> Application unicode_util_compat started on node nonode@nohost
2020-05-18 13:22:41.715 [info] <0.44.0> Application idna started on node nonode@nohost
2020-05-18 13:22:41.727 [info] <0.44.0> Application mimerl started on node nonode@nohost
2020-05-18 13:22:41.737 [info] <0.44.0> Application certifi started on node nonode@nohost
2020-05-18 13:22:41.747 [info] <0.44.0> Application ssl_verify_fun started on node nonode@nohost
2020-05-18 13:22:41.760 [info] <0.44.0> Application metrics started on node nonode@nohost
2020-05-18 13:22:41.777 [info] <0.44.0> Application hackney started on node nonode@nohost
2020-05-18 13:22:41.899 [info] <0.44.0> Application tzdata started on node nonode@nohost
2020-05-18 13:22:41.915 [info] <0.44.0> Application gettext started on node nonode@nohost
2020-05-18 13:22:41.926 [info] <0.44.0> Application combine started on node nonode@nohost
2020-05-18 13:22:41.929 [info] <0.44.0> Application timex started on node nonode@nohost
2020-05-18 13:22:41.944 [info] <0.44.0> Application cowlib started on node nonode@nohost
2020-05-18 13:22:41.949 [info] <0.44.0> Application cowboy started on node nonode@nohost
2020-05-18 13:22:41.965 [info] <0.44.0> Application decimal started on node nonode@nohost
2020-05-18 13:22:41.986 [info] <0.44.0> Application connection started on node nonode@nohost
2020-05-18 13:22:42.012 [info] <0.44.0> Application db_connection started on node nonode@nohost
2020-05-18 13:22:42.012 [info] <0.44.0> Application mariaex started on node nonode@nohost
2020-05-18 13:22:42.030 [info] <0.44.0> Application poolboy started on node nonode@nohost
2020-05-18 13:22:42.035 [info] <0.44.0> Application ecto started on node nonode@nohost
2020-05-18 13:22:42.188 [info] <0.44.0> Application jose started on node nonode@nohost
2020-05-18 13:22:42.188 [info] <0.44.0> Application joken started on node nonode@nohost
2020-05-18 13:22:42.208 [info] <0.44.0> Application eex started on node nonode@nohost
2020-05-18 13:22:42.226 [info] <0.44.0> Application mime started on node nonode@nohost
2020-05-18 13:22:42.230 [info] <0.44.0> Application plug_crypto started on node nonode@nohost
2020-05-18 13:22:42.234 [info] <0.44.0> Application plug started on node nonode@nohost
2020-05-18 13:22:42.253 [info] <0.44.0> Application telemetry started on node nonode@nohost
2020-05-18 13:22:42.255 [info] <0.44.0> Application plug_cowboy started on node nonode@nohost
2020-05-18 13:22:42.257 [info] <0.44.0> Application jsonapi started on node nonode@nohost
2020-05-18 13:22:42.356 [info] <0.44.0> Application chats started on node nonode@nohost
2020-05-23 21:46:12.448 [info] <0.44.0> Application lager started on node nonode@nohost
2020-05-23 21:46:12.489 [info] <0.44.0> Application xmerl started on node nonode@nohost
2020-05-23 21:46:12.527 [info] <0.44.0> Application sasl started on node nonode@nohost
2020-05-23 21:46:12.558 [info] <0.44.0> Application tools started on node nonode@nohost
2020-05-23 21:46:12.569 [info] <0.44.0> Application jsx started on node nonode@nohost
2020-05-23 21:46:12.602 [info] <0.44.0> Application ranch started on node nonode@nohost
2020-05-23 21:46:12.610 [info] <0.44.0> Application recon started on node nonode@nohost
2020-05-23 21:46:12.784 [info] <0.44.0> Application credentials_obfuscation started on node nonode@nohost
2020-05-23 21:46:12.784 [info] <0.44.0> Application rabbit_common started on node nonode@nohost
2020-05-23 21:46:12.820 [info] <0.44.0> Application amqp_client started on node nonode@nohost
2020-05-23 21:46:12.825 [info] <0.44.0> Application amqp started on node nonode@nohost
2020-05-23 21:46:12.834 [info] <0.44.0> Application poison started on node nonode@nohost
2020-05-23 21:46:12.903 [info] <0.44.0> Application unicode_util_compat started on node nonode@nohost
2020-05-23 21:46:12.903 [info] <0.44.0> Application idna started on node nonode@nohost
2020-05-23 21:46:12.917 [info] <0.44.0> Application mimerl started on node nonode@nohost
2020-05-23 21:46:12.926 [info] <0.44.0> Application certifi started on node nonode@nohost
2020-05-23 21:46:12.936 [info] <0.44.0> Application ssl_verify_fun started on node nonode@nohost
2020-05-23 21:46:12.953 [info] <0.44.0> Application metrics started on node nonode@nohost
2020-05-23 21:46:13.030 [info] <0.44.0> Application hackney started on node nonode@nohost
2020-05-23 21:46:13.146 [info] <0.44.0> Application tzdata started on node nonode@nohost
2020-05-23 21:46:13.163 [info] <0.44.0> Application gettext started on node nonode@nohost
2020-05-23 21:46:13.177 [info] <0.44.0> Application combine started on node nonode@nohost
2020-05-23 21:46:13.177 [info] <0.44.0> Application timex started on node nonode@nohost
2020-05-23 21:46:13.194 [info] <0.44.0> Application cowlib started on node nonode@nohost
2020-05-23 21:46:13.215 [info] <0.44.0> Application cowboy started on node nonode@nohost
2020-05-23 21:46:13.229 [info] <0.44.0> Application decimal started on node nonode@nohost
2020-05-23 21:46:13.251 [info] <0.44.0> Application connection started on node nonode@nohost
2020-05-23 21:46:13.268 [info] <0.44.0> Application db_connection started on node nonode@nohost
2020-05-23 21:46:13.268 [info] <0.44.0> Application mariaex started on node nonode@nohost
2020-05-23 21:46:13.282 [info] <0.44.0> Application poolboy started on node nonode@nohost
2020-05-23 21:46:13.287 [info] <0.44.0> Application ecto started on node nonode@nohost
2020-05-23 21:46:13.459 [info] <0.44.0> Application jose started on node nonode@nohost
2020-05-23 21:46:13.459 [info] <0.44.0> Application joken started on node nonode@nohost
2020-05-23 21:46:13.478 [info] <0.44.0> Application eex started on node nonode@nohost
2020-05-23 21:46:13.495 [info] <0.44.0> Application mime started on node nonode@nohost
2020-05-23 21:46:13.498 [info] <0.44.0> Application plug_crypto started on node nonode@nohost
2020-05-23 21:46:13.501 [info] <0.44.0> Application plug started on node nonode@nohost
2020-05-23 21:46:13.533 [info] <0.44.0> Application telemetry started on node nonode@nohost
2020-05-23 21:46:13.535 [info] <0.44.0> Application plug_cowboy started on node nonode@nohost
2020-05-23 21:46:13.537 [info] <0.44.0> Application jsonapi started on node nonode@nohost
2020-05-23 21:46:13.609 [error] <0.538.0> Failed to start Ranch listener 'Elixir.Chats.Endpoint.HTTP' in ranch_tcp:listen([{cacerts,'...'},{key,'...'},{cert,'...'},{ip,{0,0,0,0}},{port,4000}]) for reason eaddrinuse (address already in use)
2020-05-23 21:46:17.447 [info] <0.44.0> Application lager started on node nonode@nohost
2020-05-23 21:46:17.466 [info] <0.44.0> Application xmerl started on node nonode@nohost
2020-05-23 21:46:17.499 [info] <0.44.0> Application sasl started on node nonode@nohost
2020-05-23 21:46:17.515 [info] <0.44.0> Application tools started on node nonode@nohost
2020-05-23 21:46:17.525 [info] <0.44.0> Application jsx started on node nonode@nohost
2020-05-23 21:46:17.539 [info] <0.44.0> Application ranch started on node nonode@nohost
2020-05-23 21:46:17.547 [info] <0.44.0> Application recon started on node nonode@nohost
2020-05-23 21:46:17.682 [info] <0.44.0> Application credentials_obfuscation started on node nonode@nohost
2020-05-23 21:46:17.682 [info] <0.44.0> Application rabbit_common started on node nonode@nohost
2020-05-23 21:46:17.691 [info] <0.44.0> Application amqp_client started on node nonode@nohost
2020-05-23 21:46:17.693 [info] <0.44.0> Application amqp started on node nonode@nohost
2020-05-23 21:46:17.702 [info] <0.44.0> Application poison started on node nonode@nohost
2020-05-23 21:46:17.747 [info] <0.44.0> Application unicode_util_compat started on node nonode@nohost
2020-05-23 21:46:17.747 [info] <0.44.0> Application idna started on node nonode@nohost
2020-05-23 21:46:17.758 [info] <0.44.0> Application mimerl started on node nonode@nohost
2020-05-23 21:46:17.766 [info] <0.44.0> Application certifi started on node nonode@nohost
2020-05-23 21:46:17.776 [info] <0.44.0> Application ssl_verify_fun started on node nonode@nohost
2020-05-23 21:46:17.788 [info] <0.44.0> Application metrics started on node nonode@nohost
2020-05-23 21:46:17.800 [info] <0.44.0> Application hackney started on node nonode@nohost
2020-05-23 21:46:17.903 [info] <0.44.0> Application tzdata started on node nonode@nohost
2020-05-23 21:46:17.917 [info] <0.44.0> Application gettext started on node nonode@nohost
2020-05-23 21:46:17.926 [info] <0.44.0> Application combine started on node nonode@nohost
2020-05-23 21:46:17.929 [info] <0.44.0> Application timex started on node nonode@nohost
2020-05-23 21:46:17.941 [info] <0.44.0> Application cowlib started on node nonode@nohost
2020-05-23 21:46:17.945 [info] <0.44.0> Application cowboy started on node nonode@nohost
2020-05-23 21:46:17.958 [info] <0.44.0> Application decimal started on node nonode@nohost
2020-05-23 21:46:17.976 [info] <0.44.0> Application connection started on node nonode@nohost
2020-05-23 21:46:17.998 [info] <0.44.0> Application db_connection started on node nonode@nohost
2020-05-23 21:46:17.998 [info] <0.44.0> Application mariaex started on node nonode@nohost
2020-05-23 21:46:18.012 [info] <0.44.0> Application poolboy started on node nonode@nohost
2020-05-23 21:46:18.015 [info] <0.44.0> Application ecto started on node nonode@nohost
2020-05-23 21:46:18.142 [info] <0.44.0> Application jose started on node nonode@nohost
2020-05-23 21:46:18.142 [info] <0.44.0> Application joken started on node nonode@nohost
2020-05-23 21:46:18.158 [info] <0.44.0> Application eex started on node nonode@nohost
2020-05-23 21:46:18.171 [info] <0.44.0> Application mime started on node nonode@nohost
2020-05-23 21:46:18.174 [info] <0.44.0> Application plug_crypto started on node nonode@nohost
2020-05-23 21:46:18.179 [info] <0.44.0> Application plug started on node nonode@nohost
2020-05-23 21:46:18.194 [info] <0.44.0> Application telemetry started on node nonode@nohost
2020-05-23 21:46:18.195 [info] <0.44.0> Application plug_cowboy started on node nonode@nohost
2020-05-23 21:46:18.196 [info] <0.44.0> Application jsonapi started on node nonode@nohost
2020-05-23 21:46:18.228 [error] <0.426.0> Failed to start Ranch listener 'Elixir.Chats.Endpoint.HTTP' in ranch_tcp:listen([{cacerts,'...'},{key,'...'},{cert,'...'},{ip,{0,0,0,0}},{port,4000}]) for reason eaddrinuse (address already in use)
2020-05-23 21:47:59.490 [info] <0.44.0> Application lager started on node nonode@nohost
2020-05-23 21:47:59.508 [info] <0.44.0> Application xmerl started on node nonode@nohost
2020-05-23 21:47:59.542 [info] <0.44.0> Application sasl started on node nonode@nohost
2020-05-23 21:47:59.558 [info] <0.44.0> Application tools started on node nonode@nohost
2020-05-23 21:47:59.566 [info] <0.44.0> Application jsx started on node nonode@nohost
2020-05-23 21:47:59.582 [info] <0.44.0> Application ranch started on node nonode@nohost
2020-05-23 21:47:59.590 [info] <0.44.0> Application recon started on node nonode@nohost
2020-05-23 21:47:59.736 [info] <0.44.0> Application credentials_obfuscation started on node nonode@nohost
2020-05-23 21:47:59.737 [info] <0.44.0> Application rabbit_common started on node nonode@nohost
2020-05-23 21:47:59.746 [info] <0.44.0> Application amqp_client started on node nonode@nohost
2020-05-23 21:47:59.749 [info] <0.44.0> Application amqp started on node nonode@nohost
2020-05-23 21:47:59.758 [info] <0.44.0> Application poison started on node nonode@nohost
2020-05-23 21:47:59.805 [info] <0.44.0> Application unicode_util_compat started on node nonode@nohost
2020-05-23 21:47:59.805 [info] <0.44.0> Application idna started on node nonode@nohost
2020-05-23 21:47:59.817 [info] <0.44.0> Application mimerl started on node nonode@nohost
2020-05-23 21:47:59.826 [info] <0.44.0> Application certifi started on node nonode@nohost
2020-05-23 21:47:59.835 [info] <0.44.0> Application ssl_verify_fun started on node nonode@nohost
2020-05-23 21:47:59.848 [info] <0.44.0> Application metrics started on node nonode@nohost
2020-05-23 21:47:59.866 [info] <0.44.0> Application hackney started on node nonode@nohost
2020-05-23 21:47:59.973 [info] <0.44.0> Application tzdata started on node nonode@nohost
2020-05-23 21:47:59.986 [info] <0.44.0> Application gettext started on node nonode@nohost
2020-05-23 21:47:59.994 [info] <0.44.0> Application combine started on node nonode@nohost
2020-05-23 21:47:59.995 [info] <0.44.0> Application timex started on node nonode@nohost
2020-05-23 21:48:00.010 [info] <0.44.0> Application cowlib started on node nonode@nohost
2020-05-23 21:48:00.016 [info] <0.44.0> Application cowboy started on node nonode@nohost
2020-05-23 21:48:00.028 [info] <0.44.0> Application decimal started on node nonode@nohost
2020-05-23 21:48:00.046 [info] <0.44.0> Application connection started on node nonode@nohost
2020-05-23 21:48:00.063 [info] <0.44.0> Application db_connection started on node nonode@nohost
2020-05-23 21:48:00.063 [info] <0.44.0> Application mariaex started on node nonode@nohost
2020-05-23 21:48:00.076 [info] <0.44.0> Application poolboy started on node nonode@nohost
2020-05-23 21:48:00.081 [info] <0.44.0> Application ecto started on node nonode@nohost
2020-05-23 21:48:00.198 [info] <0.44.0> Application jose started on node nonode@nohost
2020-05-23 21:48:00.198 [info] <0.44.0> Application joken started on node nonode@nohost
2020-05-23 21:48:00.213 [info] <0.44.0> Application eex started on node nonode@nohost
2020-05-23 21:48:00.227 [info] <0.44.0> Application mime started on node nonode@nohost
2020-05-23 21:48:00.230 [info] <0.44.0> Application plug_crypto started on node nonode@nohost
2020-05-23 21:48:00.233 [info] <0.44.0> Application plug started on node nonode@nohost
2020-05-23 21:48:00.249 [info] <0.44.0> Application telemetry started on node nonode@nohost
2020-05-23 21:48:00.251 [info] <0.44.0> Application plug_cowboy started on node nonode@nohost
2020-05-23 21:48:00.252 [info] <0.44.0> Application jsonapi started on node nonode@nohost
2020-05-23 21:48:00.275 [error] <0.538.0> Failed to start Ranch listener 'Elixir.Chats.Endpoint.HTTP' in ranch_tcp:listen([{cacerts,'...'},{key,'...'},{cert,'...'},{ip,{0,0,0,0}},{port,4000}]) for reason eaddrinuse (address already in use)
2020-05-23 21:48:20.037 [info] <0.44.0> Application lager started on node nonode@nohost
2020-05-23 21:48:20.055 [info] <0.44.0> Application xmerl started on node nonode@nohost
2020-05-23 21:48:20.089 [info] <0.44.0> Application sasl started on node nonode@nohost
2020-05-23 21:48:20.104 [info] <0.44.0> Application tools started on node nonode@nohost
2020-05-23 21:48:20.113 [info] <0.44.0> Application jsx started on node nonode@nohost
2020-05-23 21:48:20.130 [info] <0.44.0> Application ranch started on node nonode@nohost
2020-05-23 21:48:20.139 [info] <0.44.0> Application recon started on node nonode@nohost
2020-05-23 21:48:20.283 [info] <0.44.0> Application credentials_obfuscation started on node nonode@nohost
2020-05-23 21:48:20.283 [info] <0.44.0> Application rabbit_common started on node nonode@nohost
2020-05-23 21:48:20.292 [info] <0.44.0> Application amqp_client started on node nonode@nohost
2020-05-23 21:48:20.295 [info] <0.44.0> Application amqp started on node nonode@nohost
2020-05-23 21:48:20.304 [info] <0.44.0> Application poison started on node nonode@nohost
2020-05-23 21:48:20.348 [info] <0.44.0> Application unicode_util_compat started on node nonode@nohost
2020-05-23 21:48:20.348 [info] <0.44.0> Application idna started on node nonode@nohost
2020-05-23 21:48:20.359 [info] <0.44.0> Application mimerl started on node nonode@nohost
2020-05-23 21:48:20.368 [info] <0.44.0> Application certifi started on node nonode@nohost
2020-05-23 21:48:20.375 [info] <0.44.0> Application ssl_verify_fun started on node nonode@nohost
2020-05-23 21:48:20.386 [info] <0.44.0> Application metrics started on node nonode@nohost
2020-05-23 21:48:20.405 [info] <0.44.0> Application hackney started on node nonode@nohost
2020-05-23 21:48:20.513 [info] <0.44.0> Application tzdata started on node nonode@nohost
2020-05-23 21:48:20.528 [info] <0.44.0> Application gettext started on node nonode@nohost
2020-05-23 21:48:20.537 [info] <0.44.0> Application combine started on node nonode@nohost
2020-05-23 21:48:20.537 [info] <0.44.0> Application timex started on node nonode@nohost
2020-05-23 21:48:20.551 [info] <0.44.0> Application cowlib started on node nonode@nohost
2020-05-23 21:48:20.556 [info] <0.44.0> Application cowboy started on node nonode@nohost
2020-05-23 21:48:20.568 [info] <0.44.0> Application decimal started on node nonode@nohost
2020-05-23 21:48:20.588 [info] <0.44.0> Application connection started on node nonode@nohost
2020-05-23 21:48:20.603 [info] <0.44.0> Application db_connection started on node nonode@nohost
2020-05-23 21:48:20.604 [info] <0.44.0> Application mariaex started on node nonode@nohost
2020-05-23 21:48:20.619 [info] <0.44.0> Application poolboy started on node nonode@nohost
2020-05-23 21:48:20.624 [info] <0.44.0> Application ecto started on node nonode@nohost
2020-05-23 21:48:20.744 [info] <0.44.0> Application jose started on node nonode@nohost
2020-05-23 21:48:20.745 [info] <0.44.0> Application joken started on node nonode@nohost
2020-05-23 21:48:20.760 [info] <0.44.0> Application eex started on node nonode@nohost
2020-05-23 21:48:20.775 [info] <0.44.0> Application mime started on node nonode@nohost
2020-05-23 21:48:20.780 [info] <0.44.0> Application plug_crypto started on node nonode@nohost
2020-05-23 21:48:20.783 [info] <0.44.0> Application plug started on node nonode@nohost
2020-05-23 21:48:20.801 [info] <0.44.0> Application telemetry started on node nonode@nohost
2020-05-23 21:48:20.803 [info] <0.44.0> Application plug_cowboy started on node nonode@nohost
2020-05-23 21:48:20.805 [info] <0.44.0> Application jsonapi started on node nonode@nohost
2020-05-23 21:48:20.830 [error] <0.538.0> Failed to start Ranch listener 'Elixir.Chats.Endpoint.HTTP' in ranch_tcp:listen([{cacerts,'...'},{key,'...'},{cert,'...'},{ip,{0,0,0,0}},{port,4000}]) for reason eaddrinuse (address already in use)
2020-05-23 21:49:23.150 [info] <0.44.0> Application lager started on node nonode@nohost
2020-05-23 21:49:23.168 [info] <0.44.0> Application xmerl started on node nonode@nohost
2020-05-23 21:49:23.202 [info] <0.44.0> Application sasl started on node nonode@nohost
2020-05-23 21:49:23.217 [info] <0.44.0> Application tools started on node nonode@nohost
2020-05-23 21:49:23.226 [info] <0.44.0> Application jsx started on node nonode@nohost
2020-05-23 21:49:23.241 [info] <0.44.0> Application ranch started on node nonode@nohost
2020-05-23 21:49:23.250 [info] <0.44.0> Application recon started on node nonode@nohost
2020-05-23 21:49:23.389 [info] <0.44.0> Application credentials_obfuscation started on node nonode@nohost
2020-05-23 21:49:23.389 [info] <0.44.0> Application rabbit_common started on node nonode@nohost
2020-05-23 21:49:23.398 [info] <0.44.0> Application amqp_client started on node nonode@nohost
2020-05-23 21:49:23.401 [info] <0.44.0> Application amqp started on node nonode@nohost
2020-05-23 21:49:23.409 [info] <0.44.0> Application poison started on node nonode@nohost
2020-05-23 21:49:23.455 [info] <0.44.0> Application unicode_util_compat started on node nonode@nohost
2020-05-23 21:49:23.455 [info] <0.44.0> Application idna started on node nonode@nohost
2020-05-23 21:49:23.471 [info] <0.44.0> Application mimerl started on node nonode@nohost
2020-05-23 21:49:23.479 [info] <0.44.0> Application certifi started on node nonode@nohost
2020-05-23 21:49:23.488 [info] <0.44.0> Application ssl_verify_fun started on node nonode@nohost
2020-05-23 21:49:23.499 [info] <0.44.0> Application metrics started on node nonode@nohost
2020-05-23 21:49:23.520 [info] <0.44.0> Application hackney started on node nonode@nohost
2020-05-23 21:49:23.626 [info] <0.44.0> Application tzdata started on node nonode@nohost
2020-05-23 21:49:23.639 [info] <0.44.0> Application gettext started on node nonode@nohost
2020-05-23 21:49:23.648 [info] <0.44.0> Application combine started on node nonode@nohost
2020-05-23 21:49:23.651 [info] <0.44.0> Application timex started on node nonode@nohost
2020-05-23 21:49:23.667 [info] <0.44.0> Application cowlib started on node nonode@nohost
2020-05-23 21:49:23.672 [info] <0.44.0> Application cowboy started on node nonode@nohost
2020-05-23 21:49:23.685 [info] <0.44.0> Application decimal started on node nonode@nohost
2020-05-23 21:49:23.702 [info] <0.44.0> Application connection started on node nonode@nohost
2020-05-23 21:49:23.724 [info] <0.44.0> Application db_connection started on node nonode@nohost
2020-05-23 21:49:23.724 [info] <0.44.0> Application mariaex started on node nonode@nohost
2020-05-23 21:49:23.739 [info] <0.44.0> Application poolboy started on node nonode@nohost
2020-05-23 21:49:23.743 [info] <0.44.0> Application ecto started on node nonode@nohost
2020-05-23 21:49:23.870 [info] <0.44.0> Application jose started on node nonode@nohost
2020-05-23 21:49:23.870 [info] <0.44.0> Application joken started on node nonode@nohost
2020-05-23 21:49:23.888 [info] <0.44.0> Application eex started on node nonode@nohost
2020-05-23 21:49:23.901 [info] <0.44.0> Application mime started on node nonode@nohost
2020-05-23 21:49:23.905 [info] <0.44.0> Application plug_crypto started on node nonode@nohost
2020-05-23 21:49:23.909 [info] <0.44.0> Application plug started on node nonode@nohost
2020-05-23 21:49:23.926 [info] <0.44.0> Application telemetry started on node nonode@nohost
2020-05-23 21:49:23.929 [info] <0.44.0> Application plug_cowboy started on node nonode@nohost
2020-05-23 21:49:23.931 [info] <0.44.0> Application jsonapi started on node nonode@nohost
2020-05-23 21:49:24.058 [info] <0.44.0> Application chats started on node nonode@nohost
2020-05-23 22:41:32.309 [error] <0.590.0> CRASH REPORT Process <0.590.0> with 0 neighbours exited with reason: {{#{'__exception__' => true,'__struct__' => 'Elixir.FunctionClauseError',args => nil,arity => 3,clauses => nil,function => split,kind => nil,module => 'Elixir.String'},[{'Elixir.String',split,[nil,<<" ">>,[]],[{file,"lib/string.ex"},{line,471}]},{'Elixir.Chats.Router','-do_match/4-fun-5-',2,[{file,"lib/chat_api/router.ex"},{line,57}]},{'Elixir.Chats.Router',dispatch,2,[{file,"lib/plug/router.ex"},{line,259}]},{'Elixir.Chats.Router',plug_builder_call,2,[{file,"lib/chat_api/router.ex"},{line,...}]},...]},...} in 'Elixir.Plug.Cowboy.Handler':exit_on_error/4 line 68 in 'Elixir.Plug.Cowboy.Handler':exit_on_error/4 line 68
2020-05-23 22:41:32.368 [error] <0.590.0> Cowboy stream 1 with ranch listener 'Elixir.Chats.Endpoint.HTTP' and connection process <0.589.0> had its request process exit with reason: {{#{'__exception__' => true,'__struct__' => 'Elixir.FunctionClauseError',args => nil,arity => 3,clauses => nil,function => split,kind => nil,module => 'Elixir.String'},[{'Elixir.String',split,[nil,<<" ">>,[]],[{file,"lib/string.ex"},{line,471}]},{'Elixir.Chats.Router','-do_match/4-fun-5-',2,[{file,"lib/chat_api/router.ex"},{line,57}]},{'Elixir.Chats.Router',dispatch,2,[{file,"lib/plug/router.ex"},{line,259}]},{'Elixir.Chats.Router',plug_builder_call,2,[{file,"lib/chat_api/router.ex"},{line,...}]},...]},...} in 'Elixir.Plug.Cowboy.Handler':exit_on_error/4 line 68
2020-05-23 22:44:42.330 [info] <0.44.0> Application lager started on node nonode@nohost
2020-05-23 22:44:42.388 [info] <0.44.0> Application xmerl started on node nonode@nohost
2020-05-23 22:44:42.504 [info] <0.44.0> Application sasl started on node nonode@nohost
2020-05-23 22:44:42.559 [info] <0.44.0> Application tools started on node nonode@nohost
2020-05-23 22:44:42.587 [info] <0.44.0> Application jsx started on node nonode@nohost
2020-05-23 22:44:42.670 [info] <0.44.0> Application ranch started on node nonode@nohost
2020-05-23 22:44:42.698 [info] <0.44.0> Application recon started on node nonode@nohost
2020-05-23 22:44:43.125 [info] <0.44.0> Application credentials_obfuscation started on node nonode@nohost
2020-05-23 22:44:43.125 [info] <0.44.0> Application rabbit_common started on node nonode@nohost
2020-05-23 22:44:43.143 [info] <0.44.0> Application amqp_client started on node nonode@nohost
2020-05-23 22:44:43.152 [info] <0.44.0> Application amqp started on node nonode@nohost
2020-05-23 22:44:43.165 [info] <0.44.0> Application poison started on node nonode@nohost
2020-05-23 22:44:43.348 [info] <0.44.0> Application unicode_util_compat started on node nonode@nohost
2020-05-23 22:44:43.351 [info] <0.44.0> Application idna started on node nonode@nohost
2020-05-23 22:44:43.396 [info] <0.44.0> Application mimerl started on node nonode@nohost
2020-05-23 22:44:43.420 [info] <0.44.0> Application certifi started on node nonode@nohost
2020-05-23 22:44:43.446 [info] <0.44.0> Application ssl_verify_fun started on node nonode@nohost
2020-05-23 22:44:43.474 [info] <0.44.0> Application metrics started on node nonode@nohost
2020-05-23 22:44:43.516 [info] <0.44.0> Application hackney started on node nonode@nohost
2020-05-23 22:44:43.871 [info] <0.44.0> Application tzdata started on node nonode@nohost
2020-05-23 22:44:43.934 [info] <0.44.0> Application gettext started on node nonode@nohost
2020-05-23 22:44:43.951 [info] <0.44.0> Application combine started on node nonode@nohost
2020-05-23 22:44:43.951 [info] <0.44.0> Application timex started on node nonode@nohost
2020-05-23 22:44:43.972 [info] <0.44.0> Application cowlib started on node nonode@nohost
2020-05-23 22:44:43.983 [info] <0.44.0> Application cowboy started on node nonode@nohost
2020-05-23 22:44:44.010 [info] <0.44.0> Application decimal started on node nonode@nohost
2020-05-23 22:44:44.036 [info] <0.44.0> Application connection started on node nonode@nohost
2020-05-23 22:44:44.059 [info] <0.44.0> Application db_connection started on node nonode@nohost
2020-05-23 22:44:44.060 [info] <0.44.0> Application mariaex started on node nonode@nohost
2020-05-23 22:44:44.082 [info] <0.44.0> Application poolboy started on node nonode@nohost
2020-05-23 22:44:44.087 [info] <0.44.0> Application ecto started on node nonode@nohost
2020-05-23 22:44:44.323 [info] <0.44.0> Application jose started on node nonode@nohost
2020-05-23 22:44:44.323 [info] <0.44.0> Application joken started on node nonode@nohost
2020-05-23 22:44:44.353 [info] <0.44.0> Application eex started on node nonode@nohost
2020-05-23 22:44:44.373 [info] <0.44.0> Application mime started on node nonode@nohost
2020-05-23 22:44:44.378 [info] <0.44.0> Application plug_crypto started on node nonode@nohost
2020-05-23 22:44:44.381 [info] <0.44.0> Application plug started on node nonode@nohost
2020-05-23 22:44:44.401 [info] <0.44.0> Application telemetry started on node nonode@nohost
2020-05-23 22:44:44.403 [info] <0.44.0> Application plug_cowboy started on node nonode@nohost
2020-05-23 22:44:44.404 [info] <0.44.0> Application jsonapi started on node nonode@nohost
2020-05-23 22:44:44.490 [info] <0.44.0> Application chats started on node nonode@nohost
2020-05-23 22:44:48.665 [error] <0.656.0> CRASH REPORT Process <0.656.0> with 0 neighbours exited with reason: {{#{'__exception__' => true,'__struct__' => 'Elixir.FunctionClauseError',args => nil,arity => 3,clauses => nil,function => split,kind => nil,module => 'Elixir.String'},[{'Elixir.String',split,[nil,<<" ">>,[]],[{file,"lib/string.ex"},{line,471}]},{'Elixir.Chats.Router','-do_match/4-fun-5-',2,[{file,"lib/chat_api/router.ex"},{line,57}]},{'Elixir.Chats.Router',dispatch,2,[{file,"lib/plug/router.ex"},{line,259}]},{'Elixir.Chats.Router',plug_builder_call,2,[{file,"lib/chat_api/router.ex"},{line,...}]},...]},...} in 'Elixir.Plug.Cowboy.Handler':exit_on_error/4 line 68 in 'Elixir.Plug.Cowboy.Handler':exit_on_error/4 line 68
2020-05-23 22:44:48.697 [error] <0.656.0> Cowboy stream 1 with ranch listener 'Elixir.Chats.Endpoint.HTTP' and connection process <0.655.0> had its request process exit with reason: {{#{'__exception__' => true,'__struct__' => 'Elixir.FunctionClauseError',args => nil,arity => 3,clauses => nil,function => split,kind => nil,module => 'Elixir.String'},[{'Elixir.String',split,[nil,<<" ">>,[]],[{file,"lib/string.ex"},{line,471}]},{'Elixir.Chats.Router','-do_match/4-fun-5-',2,[{file,"lib/chat_api/router.ex"},{line,57}]},{'Elixir.Chats.Router',dispatch,2,[{file,"lib/plug/router.ex"},{line,259}]},{'Elixir.Chats.Router',plug_builder_call,2,[{file,"lib/chat_api/router.ex"},{line,...}]},...]},...} in 'Elixir.Plug.Cowboy.Handler':exit_on_error/4 line 68
2020-05-23 22:49:42.370 [error] <0.660.0> CRASH REPORT Process <0.660.0> with 0 neighbours exited with reason: {{#{'__exception__' => true,'__struct__' => 'Elixir.UndefinedFunctionError',arity => 2,function => post,message => nil,module => 'Elixir.HTTPotion',reason => nil},[{'Elixir.HTTPotion',post,[<<"localhost:4000/match/get-match">>,[{body,<<"{\"liked_profile_id\":null,\"current_profile_id\":1}">>},{headers,[{<<"Content-type">>,<<"application/json">>},{<<"authorization">>,<<"dsghkajdsafisdfsd,maioansuge">>}]}]],[]},{'Elixir.Chats.Router','-do_match/4-fun-5-',2,[{file,"lib/chat_api/router.ex"},{line,...}]},...]},...} in 'Elixir.Plug.Cowboy.Handler':exit_on_error/4 line 68 in 'Elixir.Plug.Cowboy.Handler':exit_on_error/4 line 68
2020-05-23 22:49:42.372 [error] <0.660.0> Cowboy stream 1 with ranch listener 'Elixir.Chats.Endpoint.HTTP' and connection process <0.659.0> had its request process exit with reason: {{#{'__exception__' => true,'__struct__' => 'Elixir.UndefinedFunctionError',arity => 2,function => post,message => nil,module => 'Elixir.HTTPotion',reason => nil},[{'Elixir.HTTPotion',post,[<<"localhost:4000/match/get-match">>,[{body,<<"{\"liked_profile_id\":null,\"current_profile_id\":1}">>},{headers,[{<<"Content-type">>,<<"application/json">>},{<<"authorization">>,<<"dsghkajdsafisdfsd,maioansuge">>}]}]],[]},{'Elixir.Chats.Router','-do_match/4-fun-5-',2,[{file,"lib/chat_api/router.ex"},{line,...}]},...]},...} in 'Elixir.Plug.Cowboy.Handler':exit_on_error/4 line 68
2020-05-23 22:52:26.169 [info] <0.44.0> Application lager started on node nonode@nohost
2020-05-23 22:52:26.210 [info] <0.44.0> Application xmerl started on node nonode@nohost
2020-05-23 22:52:26.295 [info] <0.44.0> Application sasl started on node nonode@nohost
2020-05-23 22:52:26.336 [info] <0.44.0> Application tools started on node nonode@nohost
2020-05-23 22:52:26.355 [info] <0.44.0> Application jsx started on node nonode@nohost
2020-05-23 22:52:26.395 [info] <0.44.0> Application ranch started on node nonode@nohost
2020-05-23 22:52:26.414 [info] <0.44.0> Application recon started on node nonode@nohost
2020-05-23 22:52:26.752 [info] <0.44.0> Application credentials_obfuscation started on node nonode@nohost
2020-05-23 22:52:26.752 [info] <0.44.0> Application rabbit_common started on node nonode@nohost
2020-05-23 22:52:26.764 [info] <0.44.0> Application amqp_client started on node nonode@nohost
2020-05-23 22:52:26.768 [info] <0.44.0> Application amqp started on node nonode@nohost
2020-05-23 22:52:26.780 [info] <0.44.0> Application poison started on node nonode@nohost
2020-05-23 22:52:26.841 [info] <0.44.0> Application unicode_util_compat started on node nonode@nohost
2020-05-23 22:52:26.841 [info] <0.44.0> Application idna started on node nonode@nohost
2020-05-23 22:52:26.858 [info] <0.44.0> Application mimerl started on node nonode@nohost
2020-05-23 22:52:26.872 [info] <0.44.0> Application certifi started on node nonode@nohost
2020-05-23 22:52:26.884 [info] <0.44.0> Application ssl_verify_fun started on node nonode@nohost
2020-05-23 22:52:26.899 [info] <0.44.0> Application metrics started on node nonode@nohost
2020-05-23 22:52:26.921 [info] <0.44.0> Application hackney started on node nonode@nohost
2020-05-23 22:52:27.059 [info] <0.44.0> Application tzdata started on node nonode@nohost
2020-05-23 22:52:27.083 [info] <0.44.0> Application gettext started on node nonode@nohost
2020-05-23 22:52:27.097 [info] <0.44.0> Application combine started on node nonode@nohost
2020-05-23 22:52:27.097 [info] <0.44.0> Application timex started on node nonode@nohost
2020-05-23 22:52:27.125 [info] <0.44.0> Application cowlib started on node nonode@nohost
2020-05-23 22:52:27.134 [info] <0.44.0> Application cowboy started on node nonode@nohost
2020-05-23 22:52:27.170 [info] <0.44.0> Application ibrowse started on node nonode@nohost
2020-05-23 22:52:27.171 [info] <0.44.0> Application httpotion started on node nonode@nohost
2020-05-23 22:52:27.201 [info] <0.44.0> Application decimal started on node nonode@nohost
2020-05-23 22:52:27.246 [info] <0.44.0> Application connection started on node nonode@nohost
2020-05-23 22:52:27.279 [info] <0.44.0> Application db_connection started on node nonode@nohost
2020-05-23 22:52:27.279 [info] <0.44.0> Application mariaex started on node nonode@nohost
2020-05-23 22:52:27.313 [info] <0.44.0> Application poolboy started on node nonode@nohost
2020-05-23 22:52:27.324 [info] <0.44.0> Application ecto started on node nonode@nohost
2020-05-23 22:52:27.563 [info] <0.44.0> Application jose started on node nonode@nohost
2020-05-23 22:52:27.563 [info] <0.44.0> Application joken started on node nonode@nohost
2020-05-23 22:52:27.591 [info] <0.44.0> Application eex started on node nonode@nohost
2020-05-23 22:52:27.621 [info] <0.44.0> Application mime started on node nonode@nohost
2020-05-23 22:52:27.626 [info] <0.44.0> Application plug_crypto started on node nonode@nohost
2020-05-23 22:52:27.631 [info] <0.44.0> Application plug started on node nonode@nohost
2020-05-23 22:52:27.664 [info] <0.44.0> Application telemetry started on node nonode@nohost
2020-05-23 22:52:27.668 [info] <0.44.0> Application plug_cowboy started on node nonode@nohost
2020-05-23 22:52:27.670 [info] <0.44.0> Application jsonapi started on node nonode@nohost
2020-05-23 22:52:27.814 [info] <0.44.0> Application chats started on node nonode@nohost
2020-05-23 22:52:50.468 [error] <0.791.0> CRASH REPORT Process <0.791.0> with 0 neighbours exited with reason: {{#{'__exception__' => true,'__struct__' => 'Elixir.Poison.SyntaxError',message => <<"Unexpected end of input at position 0">>,pos => nil,token => nil},[{'Elixir.Poison.Parser','parse!',2,[{file,"lib/poison/parser.ex"},{line,55}]},{'Elixir.Poison','decode!',2,[{file,"lib/poison.ex"},{line,83}]},{'Elixir.Chats.Router','-do_match/4-fun-5-',2,[{file,"lib/chat_api/router.ex"},{line,74}]},{'Elixir.Chats.Router',dispatch,2,[{file,"lib/plug/router.ex"},{line,259}]},{'Elixir.Chats.Router',plug_builder_call,...},...]},...} in 'Elixir.Plug.Cowboy.Handler':exit_on_error/4 line 68 in 'Elixir.Plug.Cowboy.Handler':exit_on_error/4 line 68
2020-05-23 22:52:50.497 [error] <0.791.0> Cowboy stream 1 with ranch listener 'Elixir.Chats.Endpoint.HTTP' and connection process <0.790.0> had its request process exit with reason: {{#{'__exception__' => true,'__struct__' => 'Elixir.Poison.SyntaxError',message => <<"Unexpected end of input at position 0">>,pos => nil,token => nil},[{'Elixir.Poison.Parser','parse!',2,[{file,"lib/poison/parser.ex"},{line,55}]},{'Elixir.Poison','decode!',2,[{file,"lib/poison.ex"},{line,83}]},{'Elixir.Chats.Router','-do_match/4-fun-5-',2,[{file,"lib/chat_api/router.ex"},{line,74}]},{'Elixir.Chats.Router',dispatch,2,[{file,"lib/plug/router.ex"},{line,259}]},{'Elixir.Chats.Router',plug_builder_call,...},...]},...} in 'Elixir.Plug.Cowboy.Handler':exit_on_error/4 line 68
2020-05-23 22:57:10.437 [info] <0.44.0> Application lager started on node nonode@nohost
2020-05-23 22:57:10.480 [info] <0.44.0> Application xmerl started on node nonode@nohost
2020-05-23 22:57:10.560 [info] <0.44.0> Application sasl started on node nonode@nohost
2020-05-23 22:57:10.596 [info] <0.44.0> Application tools started on node nonode@nohost
2020-05-23 22:57:10.615 [info] <0.44.0> Application jsx started on node nonode@nohost
2020-05-23 22:57:10.654 [info] <0.44.0> Application ranch started on node nonode@nohost
2020-05-23 22:57:10.674 [info] <0.44.0> Application recon started on node nonode@nohost
2020-05-23 22:57:10.974 [info] <0.44.0> Application credentials_obfuscation started on node nonode@nohost
2020-05-23 22:57:10.974 [info] <0.44.0> Application rabbit_common started on node nonode@nohost
2020-05-23 22:57:10.989 [info] <0.44.0> Application amqp_client started on node nonode@nohost
2020-05-23 22:57:10.994 [info] <0.44.0> Application amqp started on node nonode@nohost
2020-05-23 22:57:11.010 [info] <0.44.0> Application poison started on node nonode@nohost
2020-05-23 22:57:11.096 [info] <0.44.0> Application unicode_util_compat started on node nonode@nohost
2020-05-23 22:57:11.096 [info] <0.44.0> Application idna started on node nonode@nohost
2020-05-23 22:57:11.117 [info] <0.44.0> Application mimerl started on node nonode@nohost
2020-05-23 22:57:11.130 [info] <0.44.0> Application certifi started on node nonode@nohost
2020-05-23 22:57:11.142 [info] <0.44.0> Application ssl_verify_fun started on node nonode@nohost
2020-05-23 22:57:11.159 [info] <0.44.0> Application metrics started on node nonode@nohost
2020-05-23 22:57:11.181 [info] <0.44.0> Application hackney started on node nonode@nohost
2020-05-23 22:57:11.309 [info] <0.44.0> Application tzdata started on node nonode@nohost
2020-05-23 22:57:11.334 [info] <0.44.0> Application gettext started on node nonode@nohost
2020-05-23 22:57:11.350 [info] <0.44.0> Application combine started on node nonode@nohost
2020-05-23 22:57:11.350 [info] <0.44.0> Application timex started on node nonode@nohost
2020-05-23 22:57:11.384 [info] <0.44.0> Application cowlib started on node nonode@nohost
2020-05-23 22:57:11.397 [info] <0.44.0> Application cowboy started on node nonode@nohost
2020-05-23 22:57:11.443 [info] <0.44.0> Application ibrowse started on node nonode@nohost
2020-05-23 22:57:11.444 [info] <0.44.0> Application httpotion started on node nonode@nohost
2020-05-23 22:57:11.485 [info] <0.44.0> Application decimal started on node nonode@nohost
2020-05-23 22:57:11.531 [info] <0.44.0> Application connection started on node nonode@nohost
2020-05-23 22:57:11.580 [info] <0.44.0> Application db_connection started on node nonode@nohost
2020-05-23 22:57:11.580 [info] <0.44.0> Application mariaex started on node nonode@nohost
2020-05-23 22:57:11.617 [info] <0.44.0> Application poolboy started on node nonode@nohost
2020-05-23 22:57:11.627 [info] <0.44.0> Application ecto started on node nonode@nohost
2020-05-23 22:57:11.841 [info] <0.44.0> Application jose started on node nonode@nohost
2020-05-23 22:57:11.841 [info] <0.44.0> Application joken started on node nonode@nohost
2020-05-23 22:57:11.874 [info] <0.44.0> Application eex started on node nonode@nohost
2020-05-23 22:57:11.900 [info] <0.44.0> Application mime started on node nonode@nohost
2020-05-23 22:57:11.908 [info] <0.44.0> Application plug_crypto started on node nonode@nohost
2020-05-23 22:57:11.913 [info] <0.44.0> Application plug started on node nonode@nohost
2020-05-23 22:57:11.944 [info] <0.44.0> Application telemetry started on node nonode@nohost
2020-05-23 22:57:11.947 [info] <0.44.0> Application plug_cowboy started on node nonode@nohost
2020-05-23 22:57:11.950 [info] <0.44.0> Application jsonapi started on node nonode@nohost
2020-05-23 22:57:12.106 [info] <0.44.0> Application chats started on node nonode@nohost
2020-05-23 22:57:45.879 [error] <0.573.0> CRASH REPORT Process <0.573.0> with 0 neighbours exited with reason: {{#{'__exception__' => true,'__struct__' => 'Elixir.Mariaex.Error',action => nil,connection_id => <0.568.0>,mariadb => #{code => 1216,message => <<"Cannot add or update a child row: a foreign key constraint fails">>},message => nil,reason => nil,tag => nil},[{'Elixir.Ecto.Adapters.MySQL',insert,6,[{file,"lib/ecto/adapters/mysql.ex"},{line,209}]},{'Elixir.Ecto.Repo.Schema',apply,4,[{file,"lib/ecto/repo/schema.ex"},{line,547}]},{'Elixir.Ecto.Repo.Schema','-do_insert/4-fun-1-',14,[{file,"lib/..."},...]},...]},...} in 'Elixir.Plug.Cowboy.Handler':exit_on_error/4 line 68 in 'Elixir.Plug.Cowboy.Handler':exit_on_error/4 line 68
2020-05-23 22:57:45.895 [error] <0.573.0> Cowboy stream 1 with ranch listener 'Elixir.Chats.Endpoint.HTTP' and connection process <0.572.0> had its request process exit with reason: {{#{'__exception__' => true,'__struct__' => 'Elixir.Mariaex.Error',action => nil,connection_id => <0.568.0>,mariadb => #{code => 1216,message => <<"Cannot add or update a child row: a foreign key constraint fails">>},message => nil,reason => nil,tag => nil},[{'Elixir.Ecto.Adapters.MySQL',insert,6,[{file,"lib/ecto/adapters/mysql.ex"},{line,209}]},{'Elixir.Ecto.Repo.Schema',apply,4,[{file,"lib/ecto/repo/schema.ex"},{line,547}]},{'Elixir.Ecto.Repo.Schema','-do_insert/4-fun-1-',14,[{file,"lib/..."},...]},...]},...} in 'Elixir.Plug.Cowboy.Handler':exit_on_error/4 line 68
2020-05-23 23:01:23.394 [info] <0.44.0> Application lager started on node nonode@nohost
2020-05-23 23:01:23.453 [info] <0.44.0> Application xmerl started on node nonode@nohost
2020-05-23 23:01:23.568 [info] <0.44.0> Application sasl started on node nonode@nohost
2020-05-23 23:01:23.628 [info] <0.44.0> Application tools started on node nonode@nohost
2020-05-23 23:01:23.664 [info] <0.44.0> Application jsx started on node nonode@nohost
2020-05-23 23:01:23.722 [info] <0.44.0> Application ranch started on node nonode@nohost
2020-05-23 23:01:23.755 [info] <0.44.0> Application recon started on node nonode@nohost
2020-05-23 23:01:24.230 [info] <0.44.0> Application credentials_obfuscation started on node nonode@nohost
2020-05-23 23:01:24.230 [info] <0.44.0> Application rabbit_common started on node nonode@nohost
2020-05-23 23:01:24.252 [info] <0.44.0> Application amqp_client started on node nonode@nohost
2020-05-23 23:01:24.264 [info] <0.44.0> Application amqp started on node nonode@nohost
2020-05-23 23:01:24.290 [info] <0.44.0> Application poison started on node nonode@nohost
2020-05-23 23:01:24.418 [info] <0.44.0> Application unicode_util_compat started on node nonode@nohost
2020-05-23 23:01:24.418 [info] <0.44.0> Application idna started on node nonode@nohost
2020-05-23 23:01:24.453 [info] <0.44.0> Application mimerl started on node nonode@nohost
2020-05-23 23:01:24.478 [info] <0.44.0> Application certifi started on node nonode@nohost
2020-05-23 23:01:24.503 [info] <0.44.0> Application ssl_verify_fun started on node nonode@nohost
2020-05-23 23:01:24.529 [info] <0.44.0> Application metrics started on node nonode@nohost
2020-05-23 23:01:24.578 [info] <0.44.0> Application hackney started on node nonode@nohost
2020-05-23 23:01:24.795 [info] <0.44.0> Application tzdata started on node nonode@nohost
2020-05-23 23:01:24.815 [info] <0.44.0> Application gettext started on node nonode@nohost
2020-05-23 23:01:24.827 [info] <0.44.0> Application combine started on node nonode@nohost
2020-05-23 23:01:24.828 [info] <0.44.0> Application timex started on node nonode@nohost
2020-05-23 23:01:24.847 [info] <0.44.0> Application cowlib started on node nonode@nohost
2020-05-23 23:01:24.855 [info] <0.44.0> Application cowboy started on node nonode@nohost
2020-05-23 23:01:24.890 [info] <0.44.0> Application ibrowse started on node nonode@nohost
2020-05-23 23:01:24.891 [info] <0.44.0> Application httpotion started on node nonode@nohost
2020-05-23 23:01:24.913 [info] <0.44.0> Application decimal started on node nonode@nohost
2020-05-23 23:01:24.943 [info] <0.44.0> Application connection started on node nonode@nohost
2020-05-23 23:01:24.968 [info] <0.44.0> Application db_connection started on node nonode@nohost
2020-05-23 23:01:24.969 [info] <0.44.0> Application mariaex started on node nonode@nohost
2020-05-23 23:01:24.996 [info] <0.44.0> Application poolboy started on node nonode@nohost
2020-05-23 23:01:25.005 [info] <0.44.0> Application ecto started on node nonode@nohost
2020-05-23 23:01:25.192 [info] <0.44.0> Application jose started on node nonode@nohost
2020-05-23 23:01:25.192 [info] <0.44.0> Application joken started on node nonode@nohost
2020-05-23 23:01:25.217 [info] <0.44.0> Application eex started on node nonode@nohost
2020-05-23 23:01:25.240 [info] <0.44.0> Application mime started on node nonode@nohost
2020-05-23 23:01:25.247 [info] <0.44.0> Application plug_crypto started on node nonode@nohost
2020-05-23 23:01:25.255 [info] <0.44.0> Application plug started on node nonode@nohost
2020-05-23 23:01:25.302 [info] <0.44.0> Application telemetry started on node nonode@nohost
2020-05-23 23:01:25.308 [info] <0.44.0> Application plug_cowboy started on node nonode@nohost
2020-05-23 23:01:25.311 [info] <0.44.0> Application jsonapi started on node nonode@nohost
2020-05-23 23:01:25.470 [info] <0.44.0> Application chats started on node nonode@nohost
2020-05-23 23:01:29.755 [error] <0.668.0> CRASH REPORT Process <0.668.0> with 0 neighbours exited with reason: {{#{'__exception__' => true,'__struct__' => 'Elixir.FunctionClauseError',args => nil,arity => 1,clauses => nil,function => open,kind => nil,module => 'Elixir.AMQP.Connection'},[{'Elixir.AMQP.Connection',open,[nil],[{file,"lib/amqp/connection.ex"},{line,19}]},{'Elixir.Chats.Router','-do_match/4-fun-5-',2,[{file,"lib/chat_api/router.ex"},{line,82}]},{'Elixir.Chats.Router',dispatch,2,[{file,"lib/plug/router.ex"},{line,259}]},{'Elixir.Chats.Router',plug_builder_call,2,[{file,"lib/chat_api/rout..."},...]},...]},...} in 'Elixir.Plug.Cowboy.Handler':exit_on_error/4 line 68 in 'Elixir.Plug.Cowboy.Handler':exit_on_error/4 line 68
2020-05-23 23:01:29.782 [error] <0.668.0> Cowboy stream 1 with ranch listener 'Elixir.Chats.Endpoint.HTTP' and connection process <0.667.0> had its request process exit with reason: {{#{'__exception__' => true,'__struct__' => 'Elixir.FunctionClauseError',args => nil,arity => 1,clauses => nil,function => open,kind => nil,module => 'Elixir.AMQP.Connection'},[{'Elixir.AMQP.Connection',open,[nil],[{file,"lib/amqp/connection.ex"},{line,19}]},{'Elixir.Chats.Router','-do_match/4-fun-5-',2,[{file,"lib/chat_api/router.ex"},{line,82}]},{'Elixir.Chats.Router',dispatch,2,[{file,"lib/plug/router.ex"},{line,259}]},{'Elixir.Chats.Router',plug_builder_call,2,[{file,"lib/chat_api/rout..."},...]},...]},...} in 'Elixir.Plug.Cowboy.Handler':exit_on_error/4 line 68
2020-05-23 23:03:27.279 [info] <0.44.0> Application lager started on node nonode@nohost
2020-05-23 23:03:27.322 [info] <0.44.0> Application xmerl started on node nonode@nohost
2020-05-23 23:03:27.401 [info] <0.44.0> Application sasl started on node nonode@nohost
2020-05-23 23:03:27.444 [info] <0.44.0> Application tools started on node nonode@nohost
2020-05-23 23:03:27.474 [info] <0.44.0> Application jsx started on node nonode@nohost
2020-05-23 23:03:27.531 [info] <0.44.0> Application ranch started on node nonode@nohost
2020-05-23 23:03:27.565 [info] <0.44.0> Application recon started on node nonode@nohost
2020-05-23 23:03:27.830 [info] <0.44.0> Application credentials_obfuscation started on node nonode@nohost
2020-05-23 23:03:27.833 [info] <0.44.0> Application rabbit_common started on node nonode@nohost
2020-05-23 23:03:27.843 [info] <0.44.0> Application amqp_client started on node nonode@nohost
2020-05-23 23:03:27.847 [info] <0.44.0> Application amqp started on node nonode@nohost
2020-05-23 23:03:27.862 [info] <0.44.0> Application poison started on node nonode@nohost
2020-05-23 23:03:27.922 [info] <0.44.0> Application unicode_util_compat started on node nonode@nohost
2020-05-23 23:03:27.922 [info] <0.44.0> Application idna started on node nonode@nohost
2020-05-23 23:03:27.937 [info] <0.44.0> Application mimerl started on node nonode@nohost
2020-05-23 23:03:27.948 [info] <0.44.0> Application certifi started on node nonode@nohost
2020-05-23 23:03:27.959 [info] <0.44.0> Application ssl_verify_fun started on node nonode@nohost
2020-05-23 23:03:27.974 [info] <0.44.0> Application metrics started on node nonode@nohost
2020-05-23 23:03:27.995 [info] <0.44.0> Application hackney started on node nonode@nohost
2020-05-23 23:03:28.160 [info] <0.44.0> Application tzdata started on node nonode@nohost
2020-05-23 23:03:28.178 [info] <0.44.0> Application gettext started on node nonode@nohost
2020-05-23 23:03:28.189 [info] <0.44.0> Application combine started on node nonode@nohost
2020-05-23 23:03:28.189 [info] <0.44.0> Application timex started on node nonode@nohost
2020-05-23 23:03:28.211 [info] <0.44.0> Application cowlib started on node nonode@nohost
2020-05-23 23:03:28.218 [info] <0.44.0> Application cowboy started on node nonode@nohost
2020-05-23 23:03:28.243 [info] <0.44.0> Application ibrowse started on node nonode@nohost
2020-05-23 23:03:28.243 [info] <0.44.0> Application httpotion started on node nonode@nohost
2020-05-23 23:03:28.262 [info] <0.44.0> Application decimal started on node nonode@nohost
2020-05-23 23:03:28.288 [info] <0.44.0> Application connection started on node nonode@nohost
2020-05-23 23:03:28.317 [info] <0.44.0> Application db_connection started on node nonode@nohost
2020-05-23 23:03:28.317 [info] <0.44.0> Application mariaex started on node nonode@nohost
2020-05-23 23:03:28.337 [info] <0.44.0> Application poolboy started on node nonode@nohost
2020-05-23 23:03:28.342 [info] <0.44.0> Application ecto started on node nonode@nohost
2020-05-23 23:03:28.503 [info] <0.44.0> Application jose started on node nonode@nohost
2020-05-23 23:03:28.503 [info] <0.44.0> Application joken started on node nonode@nohost
2020-05-23 23:03:28.526 [info] <0.44.0> Application eex started on node nonode@nohost
2020-05-23 23:03:28.549 [info] <0.44.0> Application mime started on node nonode@nohost
2020-05-23 23:03:28.554 [info] <0.44.0> Application plug_crypto started on node nonode@nohost
2020-05-23 23:03:28.558 [info] <0.44.0> Application plug started on node nonode@nohost
2020-05-23 23:03:28.590 [info] <0.44.0> Application telemetry started on node nonode@nohost
2020-05-23 23:03:28.594 [info] <0.44.0> Application plug_cowboy started on node nonode@nohost
2020-05-23 23:03:28.597 [info] <0.44.0> Application jsonapi started on node nonode@nohost
2020-05-23 23:03:28.735 [info] <0.44.0> Application chats started on node nonode@nohost
2020-05-23 23:21:54.726 [info] <0.44.0> Application lager started on node nonode@nohost
2020-05-23 23:21:54.825 [info] <0.44.0> Application xmerl started on node nonode@nohost
2020-05-23 23:21:54.965 [info] <0.44.0> Application sasl started on node nonode@nohost
2020-05-23 23:21:55.019 [info] <0.44.0> Application tools started on node nonode@nohost
2020-05-23 23:21:55.045 [info] <0.44.0> Application jsx started on node nonode@nohost
2020-05-23 23:21:55.149 [info] <0.44.0> Application ranch started on node nonode@nohost
2020-05-23 23:21:55.181 [info] <0.44.0> Application recon started on node nonode@nohost
2020-05-23 23:21:55.784 [info] <0.44.0> Application credentials_obfuscation started on node nonode@nohost
2020-05-23 23:21:55.784 [info] <0.44.0> Application rabbit_common started on node nonode@nohost
2020-05-23 23:21:55.885 [info] <0.44.0> Application amqp_client started on node nonode@nohost
2020-05-23 23:21:55.895 [info] <0.44.0> Application amqp started on node nonode@nohost
2020-05-23 23:21:55.930 [info] <0.44.0> Application poison started on node nonode@nohost
2020-05-23 23:21:56.122 [info] <0.44.0> Application unicode_util_compat started on node nonode@nohost
2020-05-23 23:21:56.122 [info] <0.44.0> Application idna started on node nonode@nohost
2020-05-23 23:21:56.166 [info] <0.44.0> Application mimerl started on node nonode@nohost
2020-05-23 23:21:56.197 [info] <0.44.0> Application certifi started on node nonode@nohost
2020-05-23 23:21:56.227 [info] <0.44.0> Application ssl_verify_fun started on node nonode@nohost
2020-05-23 23:21:56.273 [info] <0.44.0> Application metrics started on node nonode@nohost
2020-05-23 23:21:56.503 [info] <0.44.0> Application hackney started on node nonode@nohost
2020-05-23 23:21:56.899 [info] <0.44.0> Application tzdata started on node nonode@nohost
2020-05-23 23:21:56.937 [info] <0.44.0> Application gettext started on node nonode@nohost
2020-05-23 23:21:56.957 [info] <0.44.0> Application combine started on node nonode@nohost
2020-05-23 23:21:56.957 [info] <0.44.0> Application timex started on node nonode@nohost
2020-05-23 23:21:56.985 [info] <0.44.0> Application cowlib started on node nonode@nohost
2020-05-23 23:21:57.070 [info] <0.44.0> Application cowboy started on node nonode@nohost
2020-05-23 23:21:57.143 [info] <0.44.0> Application ibrowse started on node nonode@nohost
2020-05-23 23:21:57.143 [info] <0.44.0> Application httpotion started on node nonode@nohost
2020-05-23 23:21:57.167 [info] <0.44.0> Application decimal started on node nonode@nohost
2020-05-23 23:21:57.195 [info] <0.44.0> Application connection started on node nonode@nohost
2020-05-23 23:21:57.219 [info] <0.44.0> Application db_connection started on node nonode@nohost
2020-05-23 23:21:57.219 [info] <0.44.0> Application mariaex started on node nonode@nohost
2020-05-23 23:21:57.244 [info] <0.44.0> Application poolboy started on node nonode@nohost
2020-05-23 23:21:57.251 [info] <0.44.0> Application ecto started on node nonode@nohost
2020-05-23 23:21:57.638 [info] <0.44.0> Application jose started on node nonode@nohost
2020-05-23 23:21:57.638 [info] <0.44.0> Application joken started on node nonode@nohost
2020-05-23 23:21:57.685 [info] <0.44.0> Application eex started on node nonode@nohost
2020-05-23 23:21:57.712 [info] <0.44.0> Application mime started on node nonode@nohost
2020-05-23 23:21:57.718 [info] <0.44.0> Application plug_crypto started on node nonode@nohost
2020-05-23 23:21:57.724 [info] <0.44.0> Application plug started on node nonode@nohost
2020-05-23 23:21:57.774 [info] <0.44.0> Application telemetry started on node nonode@nohost
2020-05-23 23:21:57.779 [info] <0.44.0> Application plug_cowboy started on node nonode@nohost
2020-05-23 23:21:57.781 [info] <0.44.0> Application jsonapi started on node nonode@nohost
2020-05-23 23:21:58.028 [info] <0.44.0> Application chats started on node nonode@nohost
