2020-05-23 21:46:13 =ERROR REPORT====
Failed to start Ranch listener 'Elixir.Chats.Endpoint.HTTP' in ranch_tcp:listen([{cacerts,'...'},{key,'...'},{cert,'...'},{ip,{0,0,0,0}},{port,4000}]) for reason eaddrinuse (address already in use)
2020-05-23 21:46:13 =CRASH REPORT====
  crasher:
    initial call: supervisor:ranch_acceptors_sup/1
    pid: <0.538.0>
    registered_name: []
    exception exit: {{listen_error,'Elixir.Chats.Endpoint.HTTP',eaddrinuse},[{ranch_acceptors_sup,listen_error,5,[{file,"c:/Users/sanzi/PycharmProjects/CloudComputing/chat_api/deps/ranch/src/ranch_acceptors_sup.erl"},{line,66}]},{supervisor,init,1,[{file,"supervisor.erl"},{line,295}]},{gen_server,init_it,2,[{file,"gen_server.erl"},{line,374}]},{gen_server,init_it,6,[{file,"gen_server.erl"},{line,342}]},{proc_lib,init_p_do_apply,3,[{file,"proc_lib.erl"},{line,249}]}]}
    ancestors: [<0.536.0>,'Elixir.Chats.Supervisor',<0.534.0>]
    message_queue_len: 0
    messages: []
    links: [<0.536.0>]
    dictionary: [{logger,error_logger}]
    trap_exit: true
    status: running
    heap_size: 1598
    stack_size: 27
    reductions: 5090
  neighbours:
2020-05-23 21:46:13 =SUPERVISOR REPORT====
     Supervisor: {<0.536.0>,ranch_listener_sup}
     Context:    start_error
     Reason:     {listen_error,'Elixir.Chats.Endpoint.HTTP',eaddrinuse}
     Offender:   [{pid,undefined},{id,ranch_acceptors_sup},{mfargs,{ranch_acceptors_sup,start_link,['Elixir.Chats.Endpoint.HTTP',ranch_tcp]}},{restart_type,permanent},{shutdown,infinity},{child_type,supervisor}]

2020-05-23 21:46:18 =ERROR REPORT====
Failed to start Ranch listener 'Elixir.Chats.Endpoint.HTTP' in ranch_tcp:listen([{cacerts,'...'},{key,'...'},{cert,'...'},{ip,{0,0,0,0}},{port,4000}]) for reason eaddrinuse (address already in use)
2020-05-23 21:46:18 =CRASH REPORT====
  crasher:
    initial call: supervisor:ranch_acceptors_sup/1
    pid: <0.426.0>
    registered_name: []
    exception exit: {{listen_error,'Elixir.Chats.Endpoint.HTTP',eaddrinuse},[{ranch_acceptors_sup,listen_error,5,[{file,"c:/Users/sanzi/PycharmProjects/CloudComputing/chat_api/deps/ranch/src/ranch_acceptors_sup.erl"},{line,66}]},{supervisor,init,1,[{file,"supervisor.erl"},{line,295}]},{gen_server,init_it,2,[{file,"gen_server.erl"},{line,374}]},{gen_server,init_it,6,[{file,"gen_server.erl"},{line,342}]},{proc_lib,init_p_do_apply,3,[{file,"proc_lib.erl"},{line,249}]}]}
    ancestors: [<0.424.0>,'Elixir.Chats.Supervisor',<0.422.0>]
    message_queue_len: 0
    messages: []
    links: [<0.424.0>]
    dictionary: [{logger,error_logger}]
    trap_exit: true
    status: running
    heap_size: 1598
    stack_size: 27
    reductions: 5119
  neighbours:
2020-05-23 21:46:18 =SUPERVISOR REPORT====
     Supervisor: {<0.424.0>,ranch_listener_sup}
     Context:    start_error
     Reason:     {listen_error,'Elixir.Chats.Endpoint.HTTP',eaddrinuse}
     Offender:   [{pid,undefined},{id,ranch_acceptors_sup},{mfargs,{ranch_acceptors_sup,start_link,['Elixir.Chats.Endpoint.HTTP',ranch_tcp]}},{restart_type,permanent},{shutdown,infinity},{child_type,supervisor}]

2020-05-23 21:46:18 =SUPERVISOR REPORT====
     Supervisor: {local,'Elixir.Chats.Supervisor'}
     Context:    start_error
     Reason:     {shutdown,{failed_to_start_child,ranch_acceptors_sup,{listen_error,'Elixir.Chats.Endpoint.HTTP',eaddrinuse}}}
     Offender:   [{pid,undefined},{id,{ranch_listener_sup,'Elixir.Chats.Endpoint.HTTP'}},{mfargs,{ranch_listener_sup,start_link,['Elixir.Chats.Endpoint.HTTP',ranch_tcp,#{max_connections => 16384,num_acceptors => 100,socket_opts => [{ip,{0,0,0,0}},{port,4000}]},cowboy_clear,#{env => #{dispatch => [{'_',[],[{'_',[],'Elixir.Plug.Cowboy.Handler',{'Elixir.Chats.Endpoint',[]}}]}]},stream_handlers => ['Elixir.Plug.Cowboy.Stream']}]}},{restart_type,permanent},{shutdown,infinity},{child_type,supervisor}]

2020-05-23 21:46:18 =CRASH REPORT====
  crasher:
    initial call: application_master:init/4
    pid: <0.421.0>
    registered_name: []
    exception exit: {{{shutdown,{failed_to_start_child,{ranch_listener_sup,'Elixir.Chats.Endpoint.HTTP'},{shutdown,{failed_to_start_child,ranch_acceptors_sup,{listen_error,'Elixir.Chats.Endpoint.HTTP',eaddrinuse}}}}},{'Elixir.Chats.Application',start,[normal,[]]}},[{application_master,init,4,[{file,"application_master.erl"},{line,138}]},{proc_lib,init_p_do_apply,3,[{file,"proc_lib.erl"},{line,249}]}]}
    ancestors: [<0.420.0>]
    message_queue_len: 1
    messages: [{'EXIT',<0.422.0>,normal}]
    links: [<0.420.0>,<0.44.0>]
    dictionary: []
    trap_exit: true
    status: running
    heap_size: 376
    stack_size: 27
    reductions: 214
  neighbours:
2020-05-23 21:48:00 =ERROR REPORT====
Failed to start Ranch listener 'Elixir.Chats.Endpoint.HTTP' in ranch_tcp:listen([{cacerts,'...'},{key,'...'},{cert,'...'},{ip,{0,0,0,0}},{port,4000}]) for reason eaddrinuse (address already in use)
2020-05-23 21:48:00 =CRASH REPORT====
  crasher:
    initial call: supervisor:ranch_acceptors_sup/1
    pid: <0.538.0>
    registered_name: []
    exception exit: {{listen_error,'Elixir.Chats.Endpoint.HTTP',eaddrinuse},[{ranch_acceptors_sup,listen_error,5,[{file,"c:/Users/sanzi/PycharmProjects/CloudComputing/chat_api/deps/ranch/src/ranch_acceptors_sup.erl"},{line,66}]},{supervisor,init,1,[{file,"supervisor.erl"},{line,295}]},{gen_server,init_it,2,[{file,"gen_server.erl"},{line,374}]},{gen_server,init_it,6,[{file,"gen_server.erl"},{line,342}]},{proc_lib,init_p_do_apply,3,[{file,"proc_lib.erl"},{line,249}]}]}
    ancestors: [<0.536.0>,'Elixir.Chats.Supervisor',<0.534.0>]
    message_queue_len: 0
    messages: []
    links: [<0.536.0>]
    dictionary: [{logger,error_logger}]
    trap_exit: true
    status: running
    heap_size: 1598
    stack_size: 27
    reductions: 5088
  neighbours:
2020-05-23 21:48:00 =SUPERVISOR REPORT====
     Supervisor: {<0.536.0>,ranch_listener_sup}
     Context:    start_error
     Reason:     {listen_error,'Elixir.Chats.Endpoint.HTTP',eaddrinuse}
     Offender:   [{pid,undefined},{id,ranch_acceptors_sup},{mfargs,{ranch_acceptors_sup,start_link,['Elixir.Chats.Endpoint.HTTP',ranch_tcp]}},{restart_type,permanent},{shutdown,infinity},{child_type,supervisor}]

2020-05-23 21:48:00 =SUPERVISOR REPORT====
     Supervisor: {local,'Elixir.Chats.Supervisor'}
     Context:    start_error
     Reason:     {shutdown,{failed_to_start_child,ranch_acceptors_sup,{listen_error,'Elixir.Chats.Endpoint.HTTP',eaddrinuse}}}
     Offender:   [{pid,undefined},{id,{ranch_listener_sup,'Elixir.Chats.Endpoint.HTTP'}},{mfargs,{ranch_listener_sup,start_link,['Elixir.Chats.Endpoint.HTTP',ranch_tcp,#{max_connections => 16384,num_acceptors => 100,socket_opts => [{ip,{0,0,0,0}},{port,4000}]},cowboy_clear,#{env => #{dispatch => [{'_',[],[{'_',[],'Elixir.Plug.Cowboy.Handler',{'Elixir.Chats.Endpoint',[]}}]}]},stream_handlers => ['Elixir.Plug.Cowboy.Stream']}]}},{restart_type,permanent},{shutdown,infinity},{child_type,supervisor}]

2020-05-23 21:48:00 =CRASH REPORT====
  crasher:
    initial call: application_master:init/4
    pid: <0.533.0>
    registered_name: []
    exception exit: {{{shutdown,{failed_to_start_child,{ranch_listener_sup,'Elixir.Chats.Endpoint.HTTP'},{shutdown,{failed_to_start_child,ranch_acceptors_sup,{listen_error,'Elixir.Chats.Endpoint.HTTP',eaddrinuse}}}}},{'Elixir.Chats.Application',start,[normal,[]]}},[{application_master,init,4,[{file,"application_master.erl"},{line,138}]},{proc_lib,init_p_do_apply,3,[{file,"proc_lib.erl"},{line,249}]}]}
    ancestors: [<0.532.0>]
    message_queue_len: 1
    messages: [{'EXIT',<0.534.0>,normal}]
    links: [<0.532.0>,<0.44.0>]
    dictionary: []
    trap_exit: true
    status: running
    heap_size: 376
    stack_size: 27
    reductions: 214
  neighbours:
2020-05-23 21:48:20 =ERROR REPORT====
Failed to start Ranch listener 'Elixir.Chats.Endpoint.HTTP' in ranch_tcp:listen([{cacerts,'...'},{key,'...'},{cert,'...'},{ip,{0,0,0,0}},{port,4000}]) for reason eaddrinuse (address already in use)
2020-05-23 22:41:32 =CRASH REPORT====
  crasher:
    initial call: cowboy_stream_h:request_process/3
    pid: <0.590.0>
    registered_name: []
    exception exit: {{{{#{'__exception__' => true,'__struct__' => 'Elixir.FunctionClauseError',args => nil,arity => 3,clauses => nil,function => split,kind => nil,module => 'Elixir.String'},[{'Elixir.String',split,[nil,<<" ">>,[]],[{file,"lib/string.ex"},{line,471}]},{'Elixir.Chats.Router','-do_match/4-fun-5-',2,[{file,"lib/chat_api/router.ex"},{line,57}]},{'Elixir.Chats.Router',dispatch,2,[{file,"lib/plug/router.ex"},{line,259}]},{'Elixir.Chats.Router',plug_builder_call,2,[{file,"lib/chat_api/router.ex"},{line,1}]},{'Elixir.Plug.Router.Utils',forward,4,[{file,"lib/plug/router/utils.ex"},{line,109}]},{'Elixir.Chats.Endpoint',dispatch,2,[{file,"lib/plug/router.ex"},{line,259}]},{'Elixir.Chats.Endpoint',plug_builder_call,2,[{file,"lib/chat_api/endpoint.ex"},{line,1}]},{'Elixir.Plug.Cowboy.Handler',init,2,[{file,"lib/plug/cowboy/handler.ex"},{line,19}]}]},{'Elixir.Chats.Endpoint',call,[#{'__struct__' => 'Elixir.Plug.Conn',adapter => {'Elixir.Plug.Cowboy.Conn',#{bindings => #{},body_length => 119,cert => undefined,has_body => true,headers => #{<<"accept">> => <<"*/*">>,<<"accept-encoding">> => <<"gzip, deflate, br">>,<<"cache-control">> => <<"no-cache">>,<<"connection">> => <<"keep-alive">>,<<"content-length">> => <<"119">>,<<"content-type">> => <<"application/json">>,<<"host">> => <<"localhost:4002">>,<<"postman-token">> => <<"e99fafeb-f6aa-4d4c-ab9a-309fb44c5d35">>,<<"user-agent">> => <<"PostmanRuntime/7.24.1">>},host => <<"localhost">>,host_info => undefined,method => <<"POST">>,path => <<"/chat/send-message">>,path_info => undefined,peer => {{127,0,0,1},64956},pid => <0.589.0>,port => 4002,qs => <<>>,ref => 'Elixir.Chats.Endpoint.HTTP',scheme => <<"http">>,sock => {{127,0,0,1},4002},streamid => 1,version => 'HTTP/1.1'}},assigns => #{},before_send => [],body_params => #{'__struct__' => 'Elixir.Plug.Conn.Unfetched',aspect => body_params},cookies => #{'__struct__' => 'Elixir.Plug.Conn.Unfetched',aspect => cookies},halted => false,host => <<"localhost">>,method => <<"POST">>,owner => <0.590.0>,params => #{'__struct__' => 'Elixir.Plug.Conn.Unfetched',aspect => params},path_info => [<<"chat">>,<<"send-message">>],path_params => #{},port => 4002,private => #{},query_params => #{'__struct__' => 'Elixir.Plug.Conn.Unfetched',aspect => query_params},query_string => <<>>,remote_ip => {127,0,0,1},req_cookies => #{'__struct__' => 'Elixir.Plug.Conn.Unfetched',aspect => cookies},req_headers => [{<<"accept">>,<<"*/*">>},{<<"accept-encoding">>,<<"gzip, deflate, br">>},{<<"cache-control">>,<<"no-cache">>},{<<"connection">>,<<"keep-alive">>},{<<"content-length">>,<<"119">>},{<<"content-type">>,<<"application/json">>},{<<"host">>,<<"localhost:4002">>},{<<"postman-token">>,<<"e99fafeb-f6aa-4d4c-ab9a-309fb44c5d35">>},{<<"user-agent">>,<<"PostmanRuntime/7.24.1">>}],request_path => <<"/chat/send-message">>,resp_body => nil,resp_cookies => #{},resp_headers => [{<<"cache-control">>,<<"max-age=0, private, must-revalidate">>}],scheme => http,script_name => [],secret_key_base => nil,state => unset,status => nil},[]]}},[{'Elixir.Plug.Cowboy.Handler',exit_on_error,4,[{file,"lib/plug/cowboy/handler.ex"},{line,68}]},{'Elixir.Plug.Cowboy.Handler',init,2,[{file,"lib/plug/cowboy/handler.ex"},{line,38}]},{cowboy_handler,execute,2,[{file,"c:/Users/sanzi/PycharmProjects/CloudComputing/chat_api/deps/cowboy/src/cowboy_handler.erl"},{line,41}]},{cowboy_stream_h,execute,3,[{file,"c:/Users/sanzi/PycharmProjects/CloudComputing/chat_api/deps/cowboy/src/cowboy_stream_h.erl"},{line,320}]},{cowboy_stream_h,request_process,3,[{file,"c:/Users/sanzi/PycharmProjects/CloudComputing/chat_api/deps/cowboy/src/cowboy_stream_h.erl"},{line,302}]},{proc_lib,init_p_do_apply,3,[{file,"proc_lib.erl"},{line,249}]}]},[{'Elixir.Plug.Cowboy.Handler',exit_on_error,4,[{file,"lib/plug/cowboy/handler.ex"},{line,68}]},{'Elixir.Plug.Cowboy.Handler',init,2,[{file,"lib/plug/cowboy/handler.ex"},{line,38}]},{cowboy_handler,execute,2,[{file,"c:/Users/sanzi/PycharmProjects/CloudComputing/chat_api/deps/cowboy/src/cowboy_handler.erl"},{line,41}]},{cowboy_stream_h,execute,3,[{file,"c:/Users/sanzi/PycharmProjects/CloudComputing/chat_api/deps/cowboy/src/cowboy_stream_h.erl"},{line,320}]},{cowboy_stream_h,request_process,3,[{file,"c:/Users/sanzi/PycharmProjects/CloudComputing/chat_api/deps/cowboy/src/cowboy_stream_h.erl"},{line,302}]},{proc_lib,init_p_do_apply,3,[{file,"proc_lib.erl"},{line,249}]}]}
    ancestors: [<0.589.0>,<0.435.0>,<0.434.0>,'Elixir.Chats.Supervisor',<0.432.0>]
    message_queue_len: 0
    messages: []
    links: [<0.589.0>]
    dictionary: []
    trap_exit: false
    status: running
    heap_size: 2586
    stack_size: 27
    reductions: 3093
  neighbours:
2020-05-23 22:41:32 =ERROR REPORT====
Ranch listener 'Elixir.Chats.Endpoint.HTTP', connection process <0.589.0>, stream 1 had its request process <0.590.0> exit with reason {{#{'__exception__' => true,'__struct__' => 'Elixir.FunctionClauseError',args => nil,arity => 3,clauses => nil,function => split,kind => nil,module => 'Elixir.String'},[{'Elixir.String',split,[nil,<<" ">>,[]],[{file,"lib/string.ex"},{line,471}]},{'Elixir.Chats.Router','-do_match/4-fun-5-',2,[{file,"lib/chat_api/router.ex"},{line,57}]},{'Elixir.Chats.Router',dispatch,2,[{file,"lib/plug/router.ex"},{line,259}]},{'Elixir.Chats.Router',plug_builder_call,2,[{file,"lib/chat_api/router.ex"},{line,1}]},{'Elixir.Plug.Router.Utils',forward,4,[{file,"lib/plug/router/utils.ex"},{line,109}]},{'Elixir.Chats.Endpoint',dispatch,2,[{file,"lib/plug/router.ex"},{line,259}]},{'Elixir.Chats.Endpoint',plug_builder_call,2,[{file,"lib/chat_api/endpoint.ex"},{line,1}]},{'Elixir.Plug.Cowboy.Handler',init,2,[{file,"lib/plug/cowboy/handler.ex"},{line,19}]}]},{'Elixir.Chats.Endpoint',call,[#{'__struct__' => 'Elixir.Plug.Conn',adapter => {'Elixir.Plug.Cowboy.Conn',#{bindings => #{},body_length => 119,cert => undefined,has_body => true,headers => #{<<"accept">> => <<"*/*">>,<<"accept-encoding">> => <<"gzip, deflate, br">>,<<"cache-control">> => <<"no-cache">>,<<"connection">> => <<"keep-alive">>,<<"content-length">> => <<"119">>,<<"content-type">> => <<"application/json">>,<<"host">> => <<"localhost:4002">>,<<"postman-token">> => <<"e99fafeb-f6aa-4d4c-ab9a-309fb44c5d35">>,<<"user-agent">> => <<"PostmanRuntime/7.24.1">>},host => <<"localhost">>,host_info => undefined,method => <<"POST">>,path => <<"/chat/send-message">>,path_info => undefined,peer => {{127,0,0,1},64956},pid => <0.589.0>,port => 4002,qs => <<>>,ref => 'Elixir.Chats.Endpoint.HTTP',scheme => <<"http">>,sock => {{127,0,0,1},4002},streamid => 1,version => 'HTTP/1.1'}},assigns => #{},before_send => [],body_params => #{'__struct__' => 'Elixir.Plug.Conn.Unfetched',aspect => body_params},cookies => #{'__struct__' => 'Elixir.Plug.Conn.Unfetched',aspect => cookies},halted => false,host => <<"localhost">>,method => <<"POST">>,owner => <0.590.0>,params => #{'__struct__' => 'Elixir.Plug.Conn.Unfetched',aspect => params},path_info => [<<"chat">>,<<"send-message">>],path_params => #{},port => 4002,private => #{},query_params => #{'__struct__' => 'Elixir.Plug.Conn.Unfetched',aspect => query_params},query_string => <<>>,remote_ip => {127,0,0,1},req_cookies => #{'__struct__' => 'Elixir.Plug.Conn.Unfetched',aspect => cookies},req_headers => [{<<"accept">>,<<"*/*">>},{<<"accept-encoding">>,<<"gzip, deflate, br">>},{<<"cache-control">>,<<"no-cache">>},{<<"connection">>,<<"keep-alive">>},{<<"content-length">>,<<"119">>},{<<"content-type">>,<<"application/json">>},{<<"host">>,<<"localhost:4002">>},{<<"postman-token">>,<<"e99fafeb-f6aa-4d4c-ab9a-309fb44c5d35">>},{<<"user-agent">>,<<"PostmanRuntime/7.24.1">>}],request_path => <<"/chat/send-message">>,resp_body => nil,resp_cookies => #{},resp_headers => [{<<"cache-control">>,<<"max-age=0, private, must-revalidate">>}],scheme => http,script_name => [],secret_key_base => nil,state => unset,status => nil},[]]}} and stacktrace [{'Elixir.Plug.Cowboy.Handler',exit_on_error,4,[{file,"lib/plug/cowboy/handler.ex"},{line,68}]},{'Elixir.Plug.Cowboy.Handler',init,2,[{file,"lib/plug/cowboy/handler.ex"},{line,38}]},{cowboy_handler,execute,2,[{file,"c:/Users/sanzi/PycharmProjects/CloudComputing/chat_api/deps/cowboy/src/cowboy_handler.erl"},{line,41}]},{cowboy_stream_h,execute,3,[{file,"c:/Users/sanzi/PycharmProjects/CloudComputing/chat_api/deps/cowboy/src/cowboy_stream_h.erl"},{line,320}]},{cowboy_stream_h,request_process,3,[{file,"c:/Users/sanzi/PycharmProjects/CloudComputing/chat_api/deps/cowboy/src/cowboy_stream_h.erl"},{line,302}]},{proc_lib,init_p_do_apply,3,[{file,"proc_lib.erl"},{line,249}]}]
2020-05-23 22:44:48 =CRASH REPORT====
  crasher:
    initial call: cowboy_stream_h:request_process/3
    pid: <0.656.0>
    registered_name: []
    exception exit: {{{{#{'__exception__' => true,'__struct__' => 'Elixir.FunctionClauseError',args => nil,arity => 3,clauses => nil,function => split,kind => nil,module => 'Elixir.String'},[{'Elixir.String',split,[nil,<<" ">>,[]],[{file,"lib/string.ex"},{line,471}]},{'Elixir.Chats.Router','-do_match/4-fun-5-',2,[{file,"lib/chat_api/router.ex"},{line,57}]},{'Elixir.Chats.Router',dispatch,2,[{file,"lib/plug/router.ex"},{line,259}]},{'Elixir.Chats.Router',plug_builder_call,2,[{file,"lib/chat_api/router.ex"},{line,1}]},{'Elixir.Plug.Router.Utils',forward,4,[{file,"lib/plug/router/utils.ex"},{line,109}]},{'Elixir.Chats.Endpoint',dispatch,2,[{file,"lib/plug/router.ex"},{line,259}]},{'Elixir.Chats.Endpoint',plug_builder_call,2,[{file,"lib/chat_api/endpoint.ex"},{line,1}]},{'Elixir.Plug.Cowboy.Handler',init,2,[{file,"lib/plug/cowboy/handler.ex"},{line,19}]}]},{'Elixir.Chats.Endpoint',call,[#{'__struct__' => 'Elixir.Plug.Conn',adapter => {'Elixir.Plug.Cowboy.Conn',#{bindings => #{},body_length => 119,cert => undefined,has_body => true,headers => #{<<"accept">> => <<"*/*">>,<<"accept-encoding">> => <<"gzip, deflate, br">>,<<"cache-control">> => <<"no-cache">>,<<"connection">> => <<"keep-alive">>,<<"content-length">> => <<"119">>,<<"content-type">> => <<"application/json">>,<<"host">> => <<"localhost:4002">>,<<"postman-token">> => <<"a8bd34da-d9cb-4af3-bbe9-ec84616167da">>,<<"user-agent">> => <<"PostmanRuntime/7.24.1">>},host => <<"localhost">>,host_info => undefined,method => <<"POST">>,path => <<"/chat/send-message">>,path_info => undefined,peer => {{127,0,0,1},65008},pid => <0.655.0>,port => 4002,qs => <<>>,ref => 'Elixir.Chats.Endpoint.HTTP',scheme => <<"http">>,sock => {{127,0,0,1},4002},streamid => 1,version => 'HTTP/1.1'}},assigns => #{},before_send => [],body_params => #{'__struct__' => 'Elixir.Plug.Conn.Unfetched',aspect => body_params},cookies => #{'__struct__' => 'Elixir.Plug.Conn.Unfetched',aspect => cookies},halted => false,host => <<"localhost">>,method => <<"POST">>,owner => <0.656.0>,params => #{'__struct__' => 'Elixir.Plug.Conn.Unfetched',aspect => params},path_info => [<<"chat">>,<<"send-message">>],path_params => #{},port => 4002,private => #{},query_params => #{'__struct__' => 'Elixir.Plug.Conn.Unfetched',aspect => query_params},query_string => <<>>,remote_ip => {127,0,0,1},req_cookies => #{'__struct__' => 'Elixir.Plug.Conn.Unfetched',aspect => cookies},req_headers => [{<<"accept">>,<<"*/*">>},{<<"accept-encoding">>,<<"gzip, deflate, br">>},{<<"cache-control">>,<<"no-cache">>},{<<"connection">>,<<"keep-alive">>},{<<"content-length">>,<<"119">>},{<<"content-type">>,<<"application/json">>},{<<"host">>,<<"localhost:4002">>},{<<"postman-token">>,<<"a8bd34da-d9cb-4af3-bbe9-ec84616167da">>},{<<"user-agent">>,<<"PostmanRuntime/7.24.1">>}],request_path => <<"/chat/send-message">>,resp_body => nil,resp_cookies => #{},resp_headers => [{<<"cache-control">>,<<"max-age=0, private, must-revalidate">>}],scheme => http,script_name => [],secret_key_base => nil,state => unset,status => nil},[]]}},[{'Elixir.Plug.Cowboy.Handler',exit_on_error,4,[{file,"lib/plug/cowboy/handler.ex"},{line,68}]},{'Elixir.Plug.Cowboy.Handler',init,2,[{file,"lib/plug/cowboy/handler.ex"},{line,38}]},{cowboy_handler,execute,2,[{file,"c:/Users/sanzi/PycharmProjects/CloudComputing/chat_api/deps/cowboy/src/cowboy_handler.erl"},{line,41}]},{cowboy_stream_h,execute,3,[{file,"c:/Users/sanzi/PycharmProjects/CloudComputing/chat_api/deps/cowboy/src/cowboy_stream_h.erl"},{line,320}]},{cowboy_stream_h,request_process,3,[{file,"c:/Users/sanzi/PycharmProjects/CloudComputing/chat_api/deps/cowboy/src/cowboy_stream_h.erl"},{line,302}]},{proc_lib,init_p_do_apply,3,[{file,"proc_lib.erl"},{line,249}]}]},[{'Elixir.Plug.Cowboy.Handler',exit_on_error,4,[{file,"lib/plug/cowboy/handler.ex"},{line,68}]},{'Elixir.Plug.Cowboy.Handler',init,2,[{file,"lib/plug/cowboy/handler.ex"},{line,38}]},{cowboy_handler,execute,2,[{file,"c:/Users/sanzi/PycharmProjects/CloudComputing/chat_api/deps/cowboy/src/cowboy_handler.erl"},{line,41}]},{cowboy_stream_h,execute,3,[{file,"c:/Users/sanzi/PycharmProjects/CloudComputing/chat_api/deps/cowboy/src/cowboy_stream_h.erl"},{line,320}]},{cowboy_stream_h,request_process,3,[{file,"c:/Users/sanzi/PycharmProjects/CloudComputing/chat_api/deps/cowboy/src/cowboy_stream_h.erl"},{line,302}]},{proc_lib,init_p_do_apply,3,[{file,"proc_lib.erl"},{line,249}]}]}
    ancestors: [<0.655.0>,<0.537.0>,<0.536.0>,'Elixir.Chats.Supervisor',<0.534.0>]
    message_queue_len: 0
    messages: []
    links: [<0.655.0>]
    dictionary: []
    trap_exit: false
    status: running
    heap_size: 2586
    stack_size: 27
    reductions: 3127
  neighbours:
2020-05-23 22:44:48 =ERROR REPORT====
Ranch listener 'Elixir.Chats.Endpoint.HTTP', connection process <0.655.0>, stream 1 had its request process <0.656.0> exit with reason {{#{'__exception__' => true,'__struct__' => 'Elixir.FunctionClauseError',args => nil,arity => 3,clauses => nil,function => split,kind => nil,module => 'Elixir.String'},[{'Elixir.String',split,[nil,<<" ">>,[]],[{file,"lib/string.ex"},{line,471}]},{'Elixir.Chats.Router','-do_match/4-fun-5-',2,[{file,"lib/chat_api/router.ex"},{line,57}]},{'Elixir.Chats.Router',dispatch,2,[{file,"lib/plug/router.ex"},{line,259}]},{'Elixir.Chats.Router',plug_builder_call,2,[{file,"lib/chat_api/router.ex"},{line,1}]},{'Elixir.Plug.Router.Utils',forward,4,[{file,"lib/plug/router/utils.ex"},{line,109}]},{'Elixir.Chats.Endpoint',dispatch,2,[{file,"lib/plug/router.ex"},{line,259}]},{'Elixir.Chats.Endpoint',plug_builder_call,2,[{file,"lib/chat_api/endpoint.ex"},{line,1}]},{'Elixir.Plug.Cowboy.Handler',init,2,[{file,"lib/plug/cowboy/handler.ex"},{line,19}]}]},{'Elixir.Chats.Endpoint',call,[#{'__struct__' => 'Elixir.Plug.Conn',adapter => {'Elixir.Plug.Cowboy.Conn',#{bindings => #{},body_length => 119,cert => undefined,has_body => true,headers => #{<<"accept">> => <<"*/*">>,<<"accept-encoding">> => <<"gzip, deflate, br">>,<<"cache-control">> => <<"no-cache">>,<<"connection">> => <<"keep-alive">>,<<"content-length">> => <<"119">>,<<"content-type">> => <<"application/json">>,<<"host">> => <<"localhost:4002">>,<<"postman-token">> => <<"a8bd34da-d9cb-4af3-bbe9-ec84616167da">>,<<"user-agent">> => <<"PostmanRuntime/7.24.1">>},host => <<"localhost">>,host_info => undefined,method => <<"POST">>,path => <<"/chat/send-message">>,path_info => undefined,peer => {{127,0,0,1},65008},pid => <0.655.0>,port => 4002,qs => <<>>,ref => 'Elixir.Chats.Endpoint.HTTP',scheme => <<"http">>,sock => {{127,0,0,1},4002},streamid => 1,version => 'HTTP/1.1'}},assigns => #{},before_send => [],body_params => #{'__struct__' => 'Elixir.Plug.Conn.Unfetched',aspect => body_params},cookies => #{'__struct__' => 'Elixir.Plug.Conn.Unfetched',aspect => cookies},halted => false,host => <<"localhost">>,method => <<"POST">>,owner => <0.656.0>,params => #{'__struct__' => 'Elixir.Plug.Conn.Unfetched',aspect => params},path_info => [<<"chat">>,<<"send-message">>],path_params => #{},port => 4002,private => #{},query_params => #{'__struct__' => 'Elixir.Plug.Conn.Unfetched',aspect => query_params},query_string => <<>>,remote_ip => {127,0,0,1},req_cookies => #{'__struct__' => 'Elixir.Plug.Conn.Unfetched',aspect => cookies},req_headers => [{<<"accept">>,<<"*/*">>},{<<"accept-encoding">>,<<"gzip, deflate, br">>},{<<"cache-control">>,<<"no-cache">>},{<<"connection">>,<<"keep-alive">>},{<<"content-length">>,<<"119">>},{<<"content-type">>,<<"application/json">>},{<<"host">>,<<"localhost:4002">>},{<<"postman-token">>,<<"a8bd34da-d9cb-4af3-bbe9-ec84616167da">>},{<<"user-agent">>,<<"PostmanRuntime/7.24.1">>}],request_path => <<"/chat/send-message">>,resp_body => nil,resp_cookies => #{},resp_headers => [{<<"cache-control">>,<<"max-age=0, private, must-revalidate">>}],scheme => http,script_name => [],secret_key_base => nil,state => unset,status => nil},[]]}} and stacktrace [{'Elixir.Plug.Cowboy.Handler',exit_on_error,4,[{file,"lib/plug/cowboy/handler.ex"},{line,68}]},{'Elixir.Plug.Cowboy.Handler',init,2,[{file,"lib/plug/cowboy/handler.ex"},{line,38}]},{cowboy_handler,execute,2,[{file,"c:/Users/sanzi/PycharmProjects/CloudComputing/chat_api/deps/cowboy/src/cowboy_handler.erl"},{line,41}]},{cowboy_stream_h,execute,3,[{file,"c:/Users/sanzi/PycharmProjects/CloudComputing/chat_api/deps/cowboy/src/cowboy_stream_h.erl"},{line,320}]},{cowboy_stream_h,request_process,3,[{file,"c:/Users/sanzi/PycharmProjects/CloudComputing/chat_api/deps/cowboy/src/cowboy_stream_h.erl"},{line,302}]},{proc_lib,init_p_do_apply,3,[{file,"proc_lib.erl"},{line,249}]}]
2020-05-23 22:49:42 =CRASH REPORT====
  crasher:
    initial call: cowboy_stream_h:request_process/3
    pid: <0.660.0>
    registered_name: []
    exception exit: {{{{#{'__exception__' => true,'__struct__' => 'Elixir.UndefinedFunctionError',arity => 2,function => post,message => nil,module => 'Elixir.HTTPotion',reason => nil},[{'Elixir.HTTPotion',post,[<<"localhost:4000/match/get-match">>,[{body,<<"{\"liked_profile_id\":null,\"current_profile_id\":1}">>},{headers,[{<<"Content-type">>,<<"application/json">>},{<<"authorization">>,<<"dsghkajdsafisdfsd,maioansuge">>}]}]],[]},{'Elixir.Chats.Router','-do_match/4-fun-5-',2,[{file,"lib/chat_api/router.ex"},{line,70}]},{'Elixir.Chats.Router',dispatch,2,[{file,"lib/plug/router.ex"},{line,259}]},{'Elixir.Chats.Router',plug_builder_call,2,[{file,"lib/chat_api/router.ex"},{line,1}]},{'Elixir.Plug.Router.Utils',forward,4,[{file,"lib/plug/router/utils.ex"},{line,109}]},{'Elixir.Chats.Endpoint',dispatch,2,[{file,"lib/plug/router.ex"},{line,259}]},{'Elixir.Chats.Endpoint',plug_builder_call,2,[{file,"lib/chat_api/endpoint.ex"},{line,1}]},{'Elixir.Plug.Cowboy.Handler',init,2,[{file,"lib/plug/cowboy/handler.ex"},{line,19}]}]},{'Elixir.Chats.Endpoint',call,[#{'__struct__' => 'Elixir.Plug.Conn',adapter => {'Elixir.Plug.Cowboy.Conn',#{bindings => #{},body_length => 119,cert => undefined,has_body => true,headers => #{<<"accept">> => <<"*/*">>,<<"accept-encoding">> => <<"gzip, deflate, br">>,<<"authorization">> => <<"dsghkajdsafisdfsd,maioansuge">>,<<"cache-control">> => <<"no-cache">>,<<"connection">> => <<"keep-alive">>,<<"content-length">> => <<"119">>,<<"content-type">> => <<"application/json">>,<<"host">> => <<"localhost:4002">>,<<"postman-token">> => <<"64a19c27-3257-42c3-a20b-d449a4a33bf0">>,<<"user-agent">> => <<"PostmanRuntime/7.24.1">>},host => <<"localhost">>,host_info => undefined,method => <<"POST">>,path => <<"/chat/send-message">>,path_info => undefined,peer => {{127,0,0,1},65043},pid => <0.659.0>,port => 4002,qs => <<>>,ref => 'Elixir.Chats.Endpoint.HTTP',scheme => <<"http">>,sock => {{127,0,0,1},4002},streamid => 1,version => 'HTTP/1.1'}},assigns => #{},before_send => [],body_params => #{'__struct__' => 'Elixir.Plug.Conn.Unfetched',aspect => body_params},cookies => #{'__struct__' => 'Elixir.Plug.Conn.Unfetched',aspect => cookies},halted => false,host => <<"localhost">>,method => <<"POST">>,owner => <0.660.0>,params => #{'__struct__' => 'Elixir.Plug.Conn.Unfetched',aspect => params},path_info => [<<"chat">>,<<"send-message">>],path_params => #{},port => 4002,private => #{},query_params => #{'__struct__' => 'Elixir.Plug.Conn.Unfetched',aspect => query_params},query_string => <<>>,remote_ip => {127,0,0,1},req_cookies => #{'__struct__' => 'Elixir.Plug.Conn.Unfetched',aspect => cookies},req_headers => [{<<"accept">>,<<"*/*">>},{<<"accept-encoding">>,<<"gzip, deflate, br">>},{<<"authorization">>,<<"dsghkajdsafisdfsd,maioansuge">>},{<<"cache-control">>,<<"no-cache">>},{<<"connection">>,<<"keep-alive">>},{<<"content-length">>,<<"119">>},{<<"content-type">>,<<"application/json">>},{<<"host">>,<<"localhost:4002">>},{<<"postman-token">>,<<"64a19c27-3257-42c3-a20b-d449a4a33bf0">>},{<<"user-agent">>,<<"PostmanRuntime/7.24.1">>}],request_path => <<"/chat/send-message">>,resp_body => nil,resp_cookies => #{},resp_headers => [{<<"cache-control">>,<<"max-age=0, private, must-revalidate">>}],scheme => http,script_name => [],secret_key_base => nil,state => unset,status => nil},[]]}},[{'Elixir.Plug.Cowboy.Handler',exit_on_error,4,[{file,"lib/plug/cowboy/handler.ex"},{line,68}]},{'Elixir.Plug.Cowboy.Handler',init,2,[{file,"lib/plug/cowboy/handler.ex"},{line,38}]},{cowboy_handler,execute,2,[{file,"c:/Users/sanzi/PycharmProjects/CloudComputing/chat_api/deps/cowboy/src/cowboy_handler.erl"},{line,41}]},{cowboy_stream_h,execute,3,[{file,"c:/Users/sanzi/PycharmProjects/CloudComputing/chat_api/deps/cowboy/src/cowboy_stream_h.erl"},{line,320}]},{cowboy_stream_h,request_process,3,[{file,"c:/Users/sanzi/PycharmProjects/CloudComputing/chat_api/deps/cowboy/src/cowboy_stream_h.erl"},{line,302}]},{proc_lib,init_p_do_apply,3,[{file,"proc_lib.erl"},{line,249}]}]},[{'Elixir.Plug.Cowboy.Handler',exit_on_error,4,[{file,"lib/plug/cowboy/handler.ex"},{line,68}]},{'Elixir.Plug.Cowboy.Handler',init,2,[{file,"lib/plug/cowboy/handler.ex"},{line,38}]},{cowboy_handler,execute,2,[{file,"c:/Users/sanzi/PycharmProjects/CloudComputing/chat_api/deps/cowboy/src/cowboy_handler.erl"},{line,41}]},{cowboy_stream_h,execute,3,[{file,"c:/Users/sanzi/PycharmProjects/CloudComputing/chat_api/deps/cowboy/src/cowboy_stream_h.erl"},{line,320}]},{cowboy_stream_h,request_process,3,[{file,"c:/Users/sanzi/PycharmProjects/CloudComputing/chat_api/deps/cowboy/src/cowboy_stream_h.erl"},{line,302}]},{proc_lib,init_p_do_apply,3,[{file,"proc_lib.erl"},{line,249}]}]}
    ancestors: [<0.659.0>,<0.537.0>,<0.536.0>,'Elixir.Chats.Supervisor',<0.534.0>]
    message_queue_len: 0
    messages: []
    links: [<0.659.0>]
    dictionary: []
    trap_exit: false
    status: running
    heap_size: 2586
    stack_size: 27
    reductions: 3205
  neighbours:
2020-05-23 22:49:42 =ERROR REPORT====
Ranch listener 'Elixir.Chats.Endpoint.HTTP', connection process <0.659.0>, stream 1 had its request process <0.660.0> exit with reason {{#{'__exception__' => true,'__struct__' => 'Elixir.UndefinedFunctionError',arity => 2,function => post,message => nil,module => 'Elixir.HTTPotion',reason => nil},[{'Elixir.HTTPotion',post,[<<"localhost:4000/match/get-match">>,[{body,<<"{\"liked_profile_id\":null,\"current_profile_id\":1}">>},{headers,[{<<"Content-type">>,<<"application/json">>},{<<"authorization">>,<<"dsghkajdsafisdfsd,maioansuge">>}]}]],[]},{'Elixir.Chats.Router','-do_match/4-fun-5-',2,[{file,"lib/chat_api/router.ex"},{line,70}]},{'Elixir.Chats.Router',dispatch,2,[{file,"lib/plug/router.ex"},{line,259}]},{'Elixir.Chats.Router',plug_builder_call,2,[{file,"lib/chat_api/router.ex"},{line,1}]},{'Elixir.Plug.Router.Utils',forward,4,[{file,"lib/plug/router/utils.ex"},{line,109}]},{'Elixir.Chats.Endpoint',dispatch,2,[{file,"lib/plug/router.ex"},{line,259}]},{'Elixir.Chats.Endpoint',plug_builder_call,2,[{file,"lib/chat_api/endpoint.ex"},{line,1}]},{'Elixir.Plug.Cowboy.Handler',init,2,[{file,"lib/plug/cowboy/handler.ex"},{line,19}]}]},{'Elixir.Chats.Endpoint',call,[#{'__struct__' => 'Elixir.Plug.Conn',adapter => {'Elixir.Plug.Cowboy.Conn',#{bindings => #{},body_length => 119,cert => undefined,has_body => true,headers => #{<<"accept">> => <<"*/*">>,<<"accept-encoding">> => <<"gzip, deflate, br">>,<<"authorization">> => <<"dsghkajdsafisdfsd,maioansuge">>,<<"cache-control">> => <<"no-cache">>,<<"connection">> => <<"keep-alive">>,<<"content-length">> => <<"119">>,<<"content-type">> => <<"application/json">>,<<"host">> => <<"localhost:4002">>,<<"postman-token">> => <<"64a19c27-3257-42c3-a20b-d449a4a33bf0">>,<<"user-agent">> => <<"PostmanRuntime/7.24.1">>},host => <<"localhost">>,host_info => undefined,method => <<"POST">>,path => <<"/chat/send-message">>,path_info => undefined,peer => {{127,0,0,1},65043},pid => <0.659.0>,port => 4002,qs => <<>>,ref => 'Elixir.Chats.Endpoint.HTTP',scheme => <<"http">>,sock => {{127,0,0,1},4002},streamid => 1,version => 'HTTP/1.1'}},assigns => #{},before_send => [],body_params => #{'__struct__' => 'Elixir.Plug.Conn.Unfetched',aspect => body_params},cookies => #{'__struct__' => 'Elixir.Plug.Conn.Unfetched',aspect => cookies},halted => false,host => <<"localhost">>,method => <<"POST">>,owner => <0.660.0>,params => #{'__struct__' => 'Elixir.Plug.Conn.Unfetched',aspect => params},path_info => [<<"chat">>,<<"send-message">>],path_params => #{},port => 4002,private => #{},query_params => #{'__struct__' => 'Elixir.Plug.Conn.Unfetched',aspect => query_params},query_string => <<>>,remote_ip => {127,0,0,1},req_cookies => #{'__struct__' => 'Elixir.Plug.Conn.Unfetched',aspect => cookies},req_headers => [{<<"accept">>,<<"*/*">>},{<<"accept-encoding">>,<<"gzip, deflate, br">>},{<<"authorization">>,<<"dsghkajdsafisdfsd,maioansuge">>},{<<"cache-control">>,<<"no-cache">>},{<<"connection">>,<<"keep-alive">>},{<<"content-length">>,<<"119">>},{<<"content-type">>,<<"application/json">>},{<<"host">>,<<"localhost:4002">>},{<<"postman-token">>,<<"64a19c27-3257-42c3-a20b-d449a4a33bf0">>},{<<"user-agent">>,<<"PostmanRuntime/7.24.1">>}],request_path => <<"/chat/send-message">>,resp_body => nil,resp_cookies => #{},resp_headers => [{<<"cache-control">>,<<"max-age=0, private, must-revalidate">>}],scheme => http,script_name => [],secret_key_base => nil,state => unset,status => nil},[]]}} and stacktrace [{'Elixir.Plug.Cowboy.Handler',exit_on_error,4,[{file,"lib/plug/cowboy/handler.ex"},{line,68}]},{'Elixir.Plug.Cowboy.Handler',init,2,[{file,"lib/plug/cowboy/handler.ex"},{line,38}]},{cowboy_handler,execute,2,[{file,"c:/Users/sanzi/PycharmProjects/CloudComputing/chat_api/deps/cowboy/src/cowboy_handler.erl"},{line,41}]},{cowboy_stream_h,execute,3,[{file,"c:/Users/sanzi/PycharmProjects/CloudComputing/chat_api/deps/cowboy/src/cowboy_stream_h.erl"},{line,320}]},{cowboy_stream_h,request_process,3,[{file,"c:/Users/sanzi/PycharmProjects/CloudComputing/chat_api/deps/cowboy/src/cowboy_stream_h.erl"},{line,302}]},{proc_lib,init_p_do_apply,3,[{file,"proc_lib.erl"},{line,249}]}]
2020-05-23 22:52:50 =CRASH REPORT====
  crasher:
    initial call: cowboy_stream_h:request_process/3
    pid: <0.791.0>
    registered_name: []
    exception exit: {{{{#{'__exception__' => true,'__struct__' => 'Elixir.Poison.SyntaxError',message => <<"Unexpected end of input at position 0">>,pos => nil,token => nil},[{'Elixir.Poison.Parser','parse!',2,[{file,"lib/poison/parser.ex"},{line,55}]},{'Elixir.Poison','decode!',2,[{file,"lib/poison.ex"},{line,83}]},{'Elixir.Chats.Router','-do_match/4-fun-5-',2,[{file,"lib/chat_api/router.ex"},{line,74}]},{'Elixir.Chats.Router',dispatch,2,[{file,"lib/plug/router.ex"},{line,259}]},{'Elixir.Chats.Router',plug_builder_call,2,[{file,"lib/chat_api/router.ex"},{line,1}]},{'Elixir.Plug.Router.Utils',forward,4,[{file,"lib/plug/router/utils.ex"},{line,109}]},{'Elixir.Chats.Endpoint',dispatch,2,[{file,"lib/plug/router.ex"},{line,259}]},{'Elixir.Chats.Endpoint',plug_builder_call,2,[{file,"lib/chat_api/endpoint.ex"},{line,1}]}]},{'Elixir.Chats.Endpoint',call,[#{'__struct__' => 'Elixir.Plug.Conn',adapter => {'Elixir.Plug.Cowboy.Conn',#{bindings => #{},body_length => 119,cert => undefined,has_body => true,headers => #{<<"accept">> => <<"*/*">>,<<"accept-encoding">> => <<"gzip, deflate, br">>,<<"authorization">> => <<"dsghkajdsafisdfsd,maioansuge">>,<<"cache-control">> => <<"no-cache">>,<<"connection">> => <<"keep-alive">>,<<"content-length">> => <<"119">>,<<"content-type">> => <<"application/json">>,<<"host">> => <<"localhost:4002">>,<<"postman-token">> => <<"9b2a7a2d-ce11-4bce-94af-695c1c2cbebe">>,<<"user-agent">> => <<"PostmanRuntime/7.24.1">>},host => <<"localhost">>,host_info => undefined,method => <<"POST">>,path => <<"/chat/send-message">>,path_info => undefined,peer => {{127,0,0,1},65173},pid => <0.790.0>,port => 4002,qs => <<>>,ref => 'Elixir.Chats.Endpoint.HTTP',scheme => <<"http">>,sock => {{127,0,0,1},4002},streamid => 1,version => 'HTTP/1.1'}},assigns => #{},before_send => [],body_params => #{'__struct__' => 'Elixir.Plug.Conn.Unfetched',aspect => body_params},cookies => #{'__struct__' => 'Elixir.Plug.Conn.Unfetched',aspect => cookies},halted => false,host => <<"localhost">>,method => <<"POST">>,owner => <0.791.0>,params => #{'__struct__' => 'Elixir.Plug.Conn.Unfetched',aspect => params},path_info => [<<"chat">>,<<"send-message">>],path_params => #{},port => 4002,private => #{},query_params => #{'__struct__' => 'Elixir.Plug.Conn.Unfetched',aspect => query_params},query_string => <<>>,remote_ip => {127,0,0,1},req_cookies => #{'__struct__' => 'Elixir.Plug.Conn.Unfetched',aspect => cookies},req_headers => [{<<"accept">>,<<"*/*">>},{<<"accept-encoding">>,<<"gzip, deflate, br">>},{<<"authorization">>,<<"dsghkajdsafisdfsd,maioansuge">>},{<<"cache-control">>,<<"no-cache">>},{<<"connection">>,<<"keep-alive">>},{<<"content-length">>,<<"119">>},{<<"content-type">>,<<"application/json">>},{<<"host">>,<<"localhost:4002">>},{<<"postman-token">>,<<"9b2a7a2d-ce11-4bce-94af-695c1c2cbebe">>},{<<"user-agent">>,<<"PostmanRuntime/7.24.1">>}],request_path => <<"/chat/send-message">>,resp_body => nil,resp_cookies => #{},resp_headers => [{<<"cache-control">>,<<"max-age=0, private, must-revalidate">>}],scheme => http,script_name => [],secret_key_base => nil,state => unset,status => nil},[]]}},[{'Elixir.Plug.Cowboy.Handler',exit_on_error,4,[{file,"lib/plug/cowboy/handler.ex"},{line,68}]},{'Elixir.Plug.Cowboy.Handler',init,2,[{file,"lib/plug/cowboy/handler.ex"},{line,38}]},{cowboy_handler,execute,2,[{file,"c:/Users/sanzi/PycharmProjects/CloudComputing/chat_api/deps/cowboy/src/cowboy_handler.erl"},{line,41}]},{cowboy_stream_h,execute,3,[{file,"c:/Users/sanzi/PycharmProjects/CloudComputing/chat_api/deps/cowboy/src/cowboy_stream_h.erl"},{line,320}]},{cowboy_stream_h,request_process,3,[{file,"c:/Users/sanzi/PycharmProjects/CloudComputing/chat_api/deps/cowboy/src/cowboy_stream_h.erl"},{line,302}]},{proc_lib,init_p_do_apply,3,[{file,"proc_lib.erl"},{line,249}]}]},[{'Elixir.Plug.Cowboy.Handler',exit_on_error,4,[{file,"lib/plug/cowboy/handler.ex"},{line,68}]},{'Elixir.Plug.Cowboy.Handler',init,2,[{file,"lib/plug/cowboy/handler.ex"},{line,38}]},{cowboy_handler,execute,2,[{file,"c:/Users/sanzi/PycharmProjects/CloudComputing/chat_api/deps/cowboy/src/cowboy_handler.erl"},{line,41}]},{cowboy_stream_h,execute,3,[{file,"c:/Users/sanzi/PycharmProjects/CloudComputing/chat_api/deps/cowboy/src/cowboy_stream_h.erl"},{line,320}]},{cowboy_stream_h,request_process,3,[{file,"c:/Users/sanzi/PycharmProjects/CloudComputing/chat_api/deps/cowboy/src/cowboy_stream_h.erl"},{line,302}]},{proc_lib,init_p_do_apply,3,[{file,"proc_lib.erl"},{line,249}]}]}
    ancestors: [<0.790.0>,<0.672.0>,<0.671.0>,'Elixir.Chats.Supervisor',<0.669.0>]
    message_queue_len: 0
    messages: []
    links: [<0.790.0>]
    dictionary: []
    trap_exit: false
    status: running
    heap_size: 2586
    stack_size: 27
    reductions: 16603
  neighbours:
2020-05-23 22:52:50 =ERROR REPORT====
Ranch listener 'Elixir.Chats.Endpoint.HTTP', connection process <0.790.0>, stream 1 had its request process <0.791.0> exit with reason {{#{'__exception__' => true,'__struct__' => 'Elixir.Poison.SyntaxError',message => <<"Unexpected end of input at position 0">>,pos => nil,token => nil},[{'Elixir.Poison.Parser','parse!',2,[{file,"lib/poison/parser.ex"},{line,55}]},{'Elixir.Poison','decode!',2,[{file,"lib/poison.ex"},{line,83}]},{'Elixir.Chats.Router','-do_match/4-fun-5-',2,[{file,"lib/chat_api/router.ex"},{line,74}]},{'Elixir.Chats.Router',dispatch,2,[{file,"lib/plug/router.ex"},{line,259}]},{'Elixir.Chats.Router',plug_builder_call,2,[{file,"lib/chat_api/router.ex"},{line,1}]},{'Elixir.Plug.Router.Utils',forward,4,[{file,"lib/plug/router/utils.ex"},{line,109}]},{'Elixir.Chats.Endpoint',dispatch,2,[{file,"lib/plug/router.ex"},{line,259}]},{'Elixir.Chats.Endpoint',plug_builder_call,2,[{file,"lib/chat_api/endpoint.ex"},{line,1}]}]},{'Elixir.Chats.Endpoint',call,[#{'__struct__' => 'Elixir.Plug.Conn',adapter => {'Elixir.Plug.Cowboy.Conn',#{bindings => #{},body_length => 119,cert => undefined,has_body => true,headers => #{<<"accept">> => <<"*/*">>,<<"accept-encoding">> => <<"gzip, deflate, br">>,<<"authorization">> => <<"dsghkajdsafisdfsd,maioansuge">>,<<"cache-control">> => <<"no-cache">>,<<"connection">> => <<"keep-alive">>,<<"content-length">> => <<"119">>,<<"content-type">> => <<"application/json">>,<<"host">> => <<"localhost:4002">>,<<"postman-token">> => <<"9b2a7a2d-ce11-4bce-94af-695c1c2cbebe">>,<<"user-agent">> => <<"PostmanRuntime/7.24.1">>},host => <<"localhost">>,host_info => undefined,method => <<"POST">>,path => <<"/chat/send-message">>,path_info => undefined,peer => {{127,0,0,1},65173},pid => <0.790.0>,port => 4002,qs => <<>>,ref => 'Elixir.Chats.Endpoint.HTTP',scheme => <<"http">>,sock => {{127,0,0,1},4002},streamid => 1,version => 'HTTP/1.1'}},assigns => #{},before_send => [],body_params => #{'__struct__' => 'Elixir.Plug.Conn.Unfetched',aspect => body_params},cookies => #{'__struct__' => 'Elixir.Plug.Conn.Unfetched',aspect => cookies},halted => false,host => <<"localhost">>,method => <<"POST">>,owner => <0.791.0>,params => #{'__struct__' => 'Elixir.Plug.Conn.Unfetched',aspect => params},path_info => [<<"chat">>,<<"send-message">>],path_params => #{},port => 4002,private => #{},query_params => #{'__struct__' => 'Elixir.Plug.Conn.Unfetched',aspect => query_params},query_string => <<>>,remote_ip => {127,0,0,1},req_cookies => #{'__struct__' => 'Elixir.Plug.Conn.Unfetched',aspect => cookies},req_headers => [{<<"accept">>,<<"*/*">>},{<<"accept-encoding">>,<<"gzip, deflate, br">>},{<<"authorization">>,<<"dsghkajdsafisdfsd,maioansuge">>},{<<"cache-control">>,<<"no-cache">>},{<<"connection">>,<<"keep-alive">>},{<<"content-length">>,<<"119">>},{<<"content-type">>,<<"application/json">>},{<<"host">>,<<"localhost:4002">>},{<<"postman-token">>,<<"9b2a7a2d-ce11-4bce-94af-695c1c2cbebe">>},{<<"user-agent">>,<<"PostmanRuntime/7.24.1">>}],request_path => <<"/chat/send-message">>,resp_body => nil,resp_cookies => #{},resp_headers => [{<<"cache-control">>,<<"max-age=0, private, must-revalidate">>}],scheme => http,script_name => [],secret_key_base => nil,state => unset,status => nil},[]]}} and stacktrace [{'Elixir.Plug.Cowboy.Handler',exit_on_error,4,[{file,"lib/plug/cowboy/handler.ex"},{line,68}]},{'Elixir.Plug.Cowboy.Handler',init,2,[{file,"lib/plug/cowboy/handler.ex"},{line,38}]},{cowboy_handler,execute,2,[{file,"c:/Users/sanzi/PycharmProjects/CloudComputing/chat_api/deps/cowboy/src/cowboy_handler.erl"},{line,41}]},{cowboy_stream_h,execute,3,[{file,"c:/Users/sanzi/PycharmProjects/CloudComputing/chat_api/deps/cowboy/src/cowboy_stream_h.erl"},{line,320}]},{cowboy_stream_h,request_process,3,[{file,"c:/Users/sanzi/PycharmProjects/CloudComputing/chat_api/deps/cowboy/src/cowboy_stream_h.erl"},{line,302}]},{proc_lib,init_p_do_apply,3,[{file,"proc_lib.erl"},{line,249}]}]
2020-05-23 22:57:45 =CRASH REPORT====
  crasher:
    initial call: cowboy_stream_h:request_process/3
    pid: <0.573.0>
    registered_name: []
    exception exit: {{{{#{'__exception__' => true,'__struct__' => 'Elixir.Mariaex.Error',action => nil,connection_id => <0.568.0>,mariadb => #{code => 1216,message => <<"Cannot add or update a child row: a foreign key constraint fails">>},message => nil,reason => nil,tag => nil},[{'Elixir.Ecto.Adapters.MySQL',insert,6,[{file,"lib/ecto/adapters/mysql.ex"},{line,209}]},{'Elixir.Ecto.Repo.Schema',apply,4,[{file,"lib/ecto/repo/schema.ex"},{line,547}]},{'Elixir.Ecto.Repo.Schema','-do_insert/4-fun-1-',14,[{file,"lib/ecto/repo/schema.ex"},{line,213}]},{'Elixir.Chats.Router','-do_match/4-fun-5-',2,[{file,"lib/chat_api/router.ex"},{line,77}]},{'Elixir.Chats.Router',dispatch,2,[{file,"lib/plug/router.ex"},{line,259}]},{'Elixir.Chats.Router',plug_builder_call,2,[{file,"lib/chat_api/router.ex"},{line,1}]},{'Elixir.Plug.Router.Utils',forward,4,[{file,"lib/plug/router/utils.ex"},{line,109}]},{'Elixir.Chats.Endpoint',dispatch,2,[{file,"lib/plug/router.ex"},{line,259}]}]},{'Elixir.Chats.Endpoint',call,[#{'__struct__' => 'Elixir.Plug.Conn',adapter => {'Elixir.Plug.Cowboy.Conn',#{bindings => #{},body_length => 119,cert => undefined,has_body => true,headers => #{<<"accept">> => <<"*/*">>,<<"accept-encoding">> => <<"gzip, deflate, br">>,<<"authorization">> => <<"dsghkajdsafisdfsd,maioansuge">>,<<"cache-control">> => <<"no-cache">>,<<"connection">> => <<"keep-alive">>,<<"content-length">> => <<"119">>,<<"content-type">> => <<"application/json">>,<<"host">> => <<"localhost:4002">>,<<"postman-token">> => <<"0d626d42-9dc4-4279-92c1-bc142643b8e2">>,<<"user-agent">> => <<"PostmanRuntime/7.24.1">>},host => <<"localhost">>,host_info => undefined,method => <<"POST">>,path => <<"/chat/send-message">>,path_info => undefined,peer => {{127,0,0,1},65231},pid => <0.572.0>,port => 4002,qs => <<>>,ref => 'Elixir.Chats.Endpoint.HTTP',scheme => <<"http">>,sock => {{127,0,0,1},4002},streamid => 1,version => 'HTTP/1.1'}},assigns => #{},before_send => [],body_params => #{'__struct__' => 'Elixir.Plug.Conn.Unfetched',aspect => body_params},cookies => #{'__struct__' => 'Elixir.Plug.Conn.Unfetched',aspect => cookies},halted => false,host => <<"localhost">>,method => <<"POST">>,owner => <0.573.0>,params => #{'__struct__' => 'Elixir.Plug.Conn.Unfetched',aspect => params},path_info => [<<"chat">>,<<"send-message">>],path_params => #{},port => 4002,private => #{},query_params => #{'__struct__' => 'Elixir.Plug.Conn.Unfetched',aspect => query_params},query_string => <<>>,remote_ip => {127,0,0,1},req_cookies => #{'__struct__' => 'Elixir.Plug.Conn.Unfetched',aspect => cookies},req_headers => [{<<"accept">>,<<"*/*">>},{<<"accept-encoding">>,<<"gzip, deflate, br">>},{<<"authorization">>,<<"dsghkajdsafisdfsd,maioansuge">>},{<<"cache-control">>,<<"no-cache">>},{<<"connection">>,<<"keep-alive">>},{<<"content-length">>,<<"119">>},{<<"content-type">>,<<"application/json">>},{<<"host">>,<<"localhost:4002">>},{<<"postman-token">>,<<"0d626d42-9dc4-4279-92c1-bc142643b8e2">>},{<<"user-agent">>,<<"PostmanRuntime/7.24.1">>}],request_path => <<"/chat/send-message">>,resp_body => nil,resp_cookies => #{},resp_headers => [{<<"cache-control">>,<<"max-age=0, private, must-revalidate">>}],scheme => http,script_name => [],secret_key_base => nil,state => unset,status => nil},[]]}},[{'Elixir.Plug.Cowboy.Handler',exit_on_error,4,[{file,"lib/plug/cowboy/handler.ex"},{line,68}]},{'Elixir.Plug.Cowboy.Handler',init,2,[{file,"lib/plug/cowboy/handler.ex"},{line,38}]},{cowboy_handler,execute,2,[{file,"c:/Users/sanzi/PycharmProjects/CloudComputing/chat_api/deps/cowboy/src/cowboy_handler.erl"},{line,41}]},{cowboy_stream_h,execute,3,[{file,"c:/Users/sanzi/PycharmProjects/CloudComputing/chat_api/deps/cowboy/src/cowboy_stream_h.erl"},{line,320}]},{cowboy_stream_h,request_process,3,[{file,"c:/Users/sanzi/PycharmProjects/CloudComputing/chat_api/deps/cowboy/src/cowboy_stream_h.erl"},{line,302}]},{proc_lib,init_p_do_apply,3,[{file,"proc_lib.erl"},{line,249}]}]},[{'Elixir.Plug.Cowboy.Handler',exit_on_error,4,[{file,"lib/plug/cowboy/handler.ex"},{line,68}]},{'Elixir.Plug.Cowboy.Handler',init,2,[{file,"lib/plug/cowboy/handler.ex"},{line,38}]},{cowboy_handler,execute,2,[{file,"c:/Users/sanzi/PycharmProjects/CloudComputing/chat_api/deps/cowboy/src/cowboy_handler.erl"},{line,41}]},{cowboy_stream_h,execute,3,[{file,"c:/Users/sanzi/PycharmProjects/CloudComputing/chat_api/deps/cowboy/src/cowboy_stream_h.erl"},{line,320}]},{cowboy_stream_h,request_process,3,[{file,"c:/Users/sanzi/PycharmProjects/CloudComputing/chat_api/deps/cowboy/src/cowboy_stream_h.erl"},{line,302}]},{proc_lib,init_p_do_apply,3,[{file,"proc_lib.erl"},{line,249}]}]}
    ancestors: [<0.572.0>,<0.454.0>,<0.453.0>,'Elixir.Chats.Supervisor',<0.451.0>]
    message_queue_len: 0
    messages: []
    links: [<0.572.0>]
    dictionary: []
    trap_exit: false
    status: running
    heap_size: 2586
    stack_size: 27
    reductions: 10063
  neighbours:
2020-05-23 22:57:45 =ERROR REPORT====
Ranch listener 'Elixir.Chats.Endpoint.HTTP', connection process <0.572.0>, stream 1 had its request process <0.573.0> exit with reason {{#{'__exception__' => true,'__struct__' => 'Elixir.Mariaex.Error',action => nil,connection_id => <0.568.0>,mariadb => #{code => 1216,message => <<"Cannot add or update a child row: a foreign key constraint fails">>},message => nil,reason => nil,tag => nil},[{'Elixir.Ecto.Adapters.MySQL',insert,6,[{file,"lib/ecto/adapters/mysql.ex"},{line,209}]},{'Elixir.Ecto.Repo.Schema',apply,4,[{file,"lib/ecto/repo/schema.ex"},{line,547}]},{'Elixir.Ecto.Repo.Schema','-do_insert/4-fun-1-',14,[{file,"lib/ecto/repo/schema.ex"},{line,213}]},{'Elixir.Chats.Router','-do_match/4-fun-5-',2,[{file,"lib/chat_api/router.ex"},{line,77}]},{'Elixir.Chats.Router',dispatch,2,[{file,"lib/plug/router.ex"},{line,259}]},{'Elixir.Chats.Router',plug_builder_call,2,[{file,"lib/chat_api/router.ex"},{line,1}]},{'Elixir.Plug.Router.Utils',forward,4,[{file,"lib/plug/router/utils.ex"},{line,109}]},{'Elixir.Chats.Endpoint',dispatch,2,[{file,"lib/plug/router.ex"},{line,259}]}]},{'Elixir.Chats.Endpoint',call,[#{'__struct__' => 'Elixir.Plug.Conn',adapter => {'Elixir.Plug.Cowboy.Conn',#{bindings => #{},body_length => 119,cert => undefined,has_body => true,headers => #{<<"accept">> => <<"*/*">>,<<"accept-encoding">> => <<"gzip, deflate, br">>,<<"authorization">> => <<"dsghkajdsafisdfsd,maioansuge">>,<<"cache-control">> => <<"no-cache">>,<<"connection">> => <<"keep-alive">>,<<"content-length">> => <<"119">>,<<"content-type">> => <<"application/json">>,<<"host">> => <<"localhost:4002">>,<<"postman-token">> => <<"0d626d42-9dc4-4279-92c1-bc142643b8e2">>,<<"user-agent">> => <<"PostmanRuntime/7.24.1">>},host => <<"localhost">>,host_info => undefined,method => <<"POST">>,path => <<"/chat/send-message">>,path_info => undefined,peer => {{127,0,0,1},65231},pid => <0.572.0>,port => 4002,qs => <<>>,ref => 'Elixir.Chats.Endpoint.HTTP',scheme => <<"http">>,sock => {{127,0,0,1},4002},streamid => 1,version => 'HTTP/1.1'}},assigns => #{},before_send => [],body_params => #{'__struct__' => 'Elixir.Plug.Conn.Unfetched',aspect => body_params},cookies => #{'__struct__' => 'Elixir.Plug.Conn.Unfetched',aspect => cookies},halted => false,host => <<"localhost">>,method => <<"POST">>,owner => <0.573.0>,params => #{'__struct__' => 'Elixir.Plug.Conn.Unfetched',aspect => params},path_info => [<<"chat">>,<<"send-message">>],path_params => #{},port => 4002,private => #{},query_params => #{'__struct__' => 'Elixir.Plug.Conn.Unfetched',aspect => query_params},query_string => <<>>,remote_ip => {127,0,0,1},req_cookies => #{'__struct__' => 'Elixir.Plug.Conn.Unfetched',aspect => cookies},req_headers => [{<<"accept">>,<<"*/*">>},{<<"accept-encoding">>,<<"gzip, deflate, br">>},{<<"authorization">>,<<"dsghkajdsafisdfsd,maioansuge">>},{<<"cache-control">>,<<"no-cache">>},{<<"connection">>,<<"keep-alive">>},{<<"content-length">>,<<"119">>},{<<"content-type">>,<<"application/json">>},{<<"host">>,<<"localhost:4002">>},{<<"postman-token">>,<<"0d626d42-9dc4-4279-92c1-bc142643b8e2">>},{<<"user-agent">>,<<"PostmanRuntime/7.24.1">>}],request_path => <<"/chat/send-message">>,resp_body => nil,resp_cookies => #{},resp_headers => [{<<"cache-control">>,<<"max-age=0, private, must-revalidate">>}],scheme => http,script_name => [],secret_key_base => nil,state => unset,status => nil},[]]}} and stacktrace [{'Elixir.Plug.Cowboy.Handler',exit_on_error,4,[{file,"lib/plug/cowboy/handler.ex"},{line,68}]},{'Elixir.Plug.Cowboy.Handler',init,2,[{file,"lib/plug/cowboy/handler.ex"},{line,38}]},{cowboy_handler,execute,2,[{file,"c:/Users/sanzi/PycharmProjects/CloudComputing/chat_api/deps/cowboy/src/cowboy_handler.erl"},{line,41}]},{cowboy_stream_h,execute,3,[{file,"c:/Users/sanzi/PycharmProjects/CloudComputing/chat_api/deps/cowboy/src/cowboy_stream_h.erl"},{line,320}]},{cowboy_stream_h,request_process,3,[{file,"c:/Users/sanzi/PycharmProjects/CloudComputing/chat_api/deps/cowboy/src/cowboy_stream_h.erl"},{line,302}]},{proc_lib,init_p_do_apply,3,[{file,"proc_lib.erl"},{line,249}]}]
2020-05-23 23:01:29 =CRASH REPORT====
  crasher:
    initial call: cowboy_stream_h:request_process/3
    pid: <0.668.0>
    registered_name: []
    exception exit: {{{{#{'__exception__' => true,'__struct__' => 'Elixir.FunctionClauseError',args => nil,arity => 1,clauses => nil,function => open,kind => nil,module => 'Elixir.AMQP.Connection'},[{'Elixir.AMQP.Connection',open,[nil],[{file,"lib/amqp/connection.ex"},{line,19}]},{'Elixir.Chats.Router','-do_match/4-fun-5-',2,[{file,"lib/chat_api/router.ex"},{line,82}]},{'Elixir.Chats.Router',dispatch,2,[{file,"lib/plug/router.ex"},{line,259}]},{'Elixir.Chats.Router',plug_builder_call,2,[{file,"lib/chat_api/router.ex"},{line,1}]},{'Elixir.Plug.Router.Utils',forward,4,[{file,"lib/plug/router/utils.ex"},{line,109}]},{'Elixir.Chats.Endpoint',dispatch,2,[{file,"lib/plug/router.ex"},{line,259}]},{'Elixir.Chats.Endpoint',plug_builder_call,2,[{file,"lib/chat_api/endpoint.ex"},{line,1}]},{'Elixir.Plug.Cowboy.Handler',init,2,[{file,"lib/plug/cowboy/handler.ex"},{line,19}]}]},{'Elixir.Chats.Endpoint',call,[#{'__struct__' => 'Elixir.Plug.Conn',adapter => {'Elixir.Plug.Cowboy.Conn',#{bindings => #{},body_length => 119,cert => undefined,has_body => true,headers => #{<<"accept">> => <<"*/*">>,<<"accept-encoding">> => <<"gzip, deflate, br">>,<<"authorization">> => <<"dsghkajdsafisdfsd,maioansuge">>,<<"cache-control">> => <<"no-cache">>,<<"connection">> => <<"keep-alive">>,<<"content-length">> => <<"119">>,<<"content-type">> => <<"application/json">>,<<"host">> => <<"localhost:4002">>,<<"postman-token">> => <<"271ac213-5c80-4e7d-ac2c-454707a2ba11">>,<<"user-agent">> => <<"PostmanRuntime/7.24.1">>},host => <<"localhost">>,host_info => undefined,method => <<"POST">>,path => <<"/chat/send-message">>,path_info => undefined,peer => {{127,0,0,1},65308},pid => <0.667.0>,port => 4002,qs => <<>>,ref => 'Elixir.Chats.Endpoint.HTTP',scheme => <<"http">>,sock => {{127,0,0,1},4002},streamid => 1,version => 'HTTP/1.1'}},assigns => #{},before_send => [],body_params => #{'__struct__' => 'Elixir.Plug.Conn.Unfetched',aspect => body_params},cookies => #{'__struct__' => 'Elixir.Plug.Conn.Unfetched',aspect => cookies},halted => false,host => <<"localhost">>,method => <<"POST">>,owner => <0.668.0>,params => #{'__struct__' => 'Elixir.Plug.Conn.Unfetched',aspect => params},path_info => [<<"chat">>,<<"send-message">>],path_params => #{},port => 4002,private => #{},query_params => #{'__struct__' => 'Elixir.Plug.Conn.Unfetched',aspect => query_params},query_string => <<>>,remote_ip => {127,0,0,1},req_cookies => #{'__struct__' => 'Elixir.Plug.Conn.Unfetched',aspect => cookies},req_headers => [{<<"accept">>,<<"*/*">>},{<<"accept-encoding">>,<<"gzip, deflate, br">>},{<<"authorization">>,<<"dsghkajdsafisdfsd,maioansuge">>},{<<"cache-control">>,<<"no-cache">>},{<<"connection">>,<<"keep-alive">>},{<<"content-length">>,<<"119">>},{<<"content-type">>,<<"application/json">>},{<<"host">>,<<"localhost:4002">>},{<<"postman-token">>,<<"271ac213-5c80-4e7d-ac2c-454707a2ba11">>},{<<"user-agent">>,<<"PostmanRuntime/7.24.1">>}],request_path => <<"/chat/send-message">>,resp_body => nil,resp_cookies => #{},resp_headers => [{<<"cache-control">>,<<"max-age=0, private, must-revalidate">>}],scheme => http,script_name => [],secret_key_base => nil,state => unset,status => nil},[]]}},[{'Elixir.Plug.Cowboy.Handler',exit_on_error,4,[{file,"lib/plug/cowboy/handler.ex"},{line,68}]},{'Elixir.Plug.Cowboy.Handler',init,2,[{file,"lib/plug/cowboy/handler.ex"},{line,38}]},{cowboy_handler,execute,2,[{file,"c:/Users/sanzi/PycharmProjects/CloudComputing/chat_api/deps/cowboy/src/cowboy_handler.erl"},{line,41}]},{cowboy_stream_h,execute,3,[{file,"c:/Users/sanzi/PycharmProjects/CloudComputing/chat_api/deps/cowboy/src/cowboy_stream_h.erl"},{line,320}]},{cowboy_stream_h,request_process,3,[{file,"c:/Users/sanzi/PycharmProjects/CloudComputing/chat_api/deps/cowboy/src/cowboy_stream_h.erl"},{line,302}]},{proc_lib,init_p_do_apply,3,[{file,"proc_lib.erl"},{line,249}]}]},[{'Elixir.Plug.Cowboy.Handler',exit_on_error,4,[{file,"lib/plug/cowboy/handler.ex"},{line,68}]},{'Elixir.Plug.Cowboy.Handler',init,2,[{file,"lib/plug/cowboy/handler.ex"},{line,38}]},{cowboy_handler,execute,2,[{file,"c:/Users/sanzi/PycharmProjects/CloudComputing/chat_api/deps/cowboy/src/cowboy_handler.erl"},{line,41}]},{cowboy_stream_h,execute,3,[{file,"c:/Users/sanzi/PycharmProjects/CloudComputing/chat_api/deps/cowboy/src/cowboy_stream_h.erl"},{line,320}]},{cowboy_stream_h,request_process,3,[{file,"c:/Users/sanzi/PycharmProjects/CloudComputing/chat_api/deps/cowboy/src/cowboy_stream_h.erl"},{line,302}]},{proc_lib,init_p_do_apply,3,[{file,"proc_lib.erl"},{line,249}]}]}
    ancestors: [<0.667.0>,<0.549.0>,<0.548.0>,'Elixir.Chats.Supervisor',<0.546.0>]
    message_queue_len: 0
    messages: []
    links: [<0.667.0>]
    dictionary: []
    trap_exit: false
    status: running
    heap_size: 6772
    stack_size: 27
    reductions: 10506
  neighbours:
2020-05-23 23:01:29 =ERROR REPORT====
Ranch listener 'Elixir.Chats.Endpoint.HTTP', connection process <0.667.0>, stream 1 had its request process <0.668.0> exit with reason {{#{'__exception__' => true,'__struct__' => 'Elixir.FunctionClauseError',args => nil,arity => 1,clauses => nil,function => open,kind => nil,module => 'Elixir.AMQP.Connection'},[{'Elixir.AMQP.Connection',open,[nil],[{file,"lib/amqp/connection.ex"},{line,19}]},{'Elixir.Chats.Router','-do_match/4-fun-5-',2,[{file,"lib/chat_api/router.ex"},{line,82}]},{'Elixir.Chats.Router',dispatch,2,[{file,"lib/plug/router.ex"},{line,259}]},{'Elixir.Chats.Router',plug_builder_call,2,[{file,"lib/chat_api/router.ex"},{line,1}]},{'Elixir.Plug.Router.Utils',forward,4,[{file,"lib/plug/router/utils.ex"},{line,109}]},{'Elixir.Chats.Endpoint',dispatch,2,[{file,"lib/plug/router.ex"},{line,259}]},{'Elixir.Chats.Endpoint',plug_builder_call,2,[{file,"lib/chat_api/endpoint.ex"},{line,1}]},{'Elixir.Plug.Cowboy.Handler',init,2,[{file,"lib/plug/cowboy/handler.ex"},{line,19}]}]},{'Elixir.Chats.Endpoint',call,[#{'__struct__' => 'Elixir.Plug.Conn',adapter => {'Elixir.Plug.Cowboy.Conn',#{bindings => #{},body_length => 119,cert => undefined,has_body => true,headers => #{<<"accept">> => <<"*/*">>,<<"accept-encoding">> => <<"gzip, deflate, br">>,<<"authorization">> => <<"dsghkajdsafisdfsd,maioansuge">>,<<"cache-control">> => <<"no-cache">>,<<"connection">> => <<"keep-alive">>,<<"content-length">> => <<"119">>,<<"content-type">> => <<"application/json">>,<<"host">> => <<"localhost:4002">>,<<"postman-token">> => <<"271ac213-5c80-4e7d-ac2c-454707a2ba11">>,<<"user-agent">> => <<"PostmanRuntime/7.24.1">>},host => <<"localhost">>,host_info => undefined,method => <<"POST">>,path => <<"/chat/send-message">>,path_info => undefined,peer => {{127,0,0,1},65308},pid => <0.667.0>,port => 4002,qs => <<>>,ref => 'Elixir.Chats.Endpoint.HTTP',scheme => <<"http">>,sock => {{127,0,0,1},4002},streamid => 1,version => 'HTTP/1.1'}},assigns => #{},before_send => [],body_params => #{'__struct__' => 'Elixir.Plug.Conn.Unfetched',aspect => body_params},cookies => #{'__struct__' => 'Elixir.Plug.Conn.Unfetched',aspect => cookies},halted => false,host => <<"localhost">>,method => <<"POST">>,owner => <0.668.0>,params => #{'__struct__' => 'Elixir.Plug.Conn.Unfetched',aspect => params},path_info => [<<"chat">>,<<"send-message">>],path_params => #{},port => 4002,private => #{},query_params => #{'__struct__' => 'Elixir.Plug.Conn.Unfetched',aspect => query_params},query_string => <<>>,remote_ip => {127,0,0,1},req_cookies => #{'__struct__' => 'Elixir.Plug.Conn.Unfetched',aspect => cookies},req_headers => [{<<"accept">>,<<"*/*">>},{<<"accept-encoding">>,<<"gzip, deflate, br">>},{<<"authorization">>,<<"dsghkajdsafisdfsd,maioansuge">>},{<<"cache-control">>,<<"no-cache">>},{<<"connection">>,<<"keep-alive">>},{<<"content-length">>,<<"119">>},{<<"content-type">>,<<"application/json">>},{<<"host">>,<<"localhost:4002">>},{<<"postman-token">>,<<"271ac213-5c80-4e7d-ac2c-454707a2ba11">>},{<<"user-agent">>,<<"PostmanRuntime/7.24.1">>}],request_path => <<"/chat/send-message">>,resp_body => nil,resp_cookies => #{},resp_headers => [{<<"cache-control">>,<<"max-age=0, private, must-revalidate">>}],scheme => http,script_name => [],secret_key_base => nil,state => unset,status => nil},[]]}} and stacktrace [{'Elixir.Plug.Cowboy.Handler',exit_on_error,4,[{file,"lib/plug/cowboy/handler.ex"},{line,68}]},{'Elixir.Plug.Cowboy.Handler',init,2,[{file,"lib/plug/cowboy/handler.ex"},{line,38}]},{cowboy_handler,execute,2,[{file,"c:/Users/sanzi/PycharmProjects/CloudComputing/chat_api/deps/cowboy/src/cowboy_handler.erl"},{line,41}]},{cowboy_stream_h,execute,3,[{file,"c:/Users/sanzi/PycharmProjects/CloudComputing/chat_api/deps/cowboy/src/cowboy_stream_h.erl"},{line,320}]},{cowboy_stream_h,request_process,3,[{file,"c:/Users/sanzi/PycharmProjects/CloudComputing/chat_api/deps/cowboy/src/cowboy_stream_h.erl"},{line,302}]},{proc_lib,init_p_do_apply,3,[{file,"proc_lib.erl"},{line,249}]}]
